This file contains any messages produced by compilers while
running configure, to aid debugging if configure makes a mistake.

It was created by bmp configure 0.9.7.1, which was
generated by GNU Autoconf 2.69.  Invocation command line was

  $ ./configure 

## --------- ##
## Platform. ##
## --------- ##

hostname = qhell
uname -m = x86_64
uname -r = 4.13.0-36-generic
uname -s = Linux
uname -v = #40-Ubuntu SMP Fri Feb 16 20:07:48 UTC 2018

/usr/bin/uname -p = unknown
/bin/uname -X     = unknown

/bin/arch              = unknown
/usr/bin/arch -k       = unknown
/usr/convex/getsysinfo = unknown
/usr/bin/hostinfo      = unknown
/bin/machine           = unknown
/usr/bin/oslevel       = unknown
/bin/universe          = unknown

PATH: /home/redlegion/bin
PATH: /home/redlegion/.cargo/bin
PATH: /home/redlegion/bin
PATH: /usr/local/sbin
PATH: /usr/local/bin
PATH: /usr/sbin
PATH: /usr/bin
PATH: /sbin
PATH: /bin
PATH: /usr/games
PATH: /usr/local/games
PATH: /snap/bin


## ----------- ##
## Core tests. ##
## ----------- ##

configure:2471: checking build system type
configure:2485: result: x86_64-pc-linux-gnu
configure:2505: checking host system type
configure:2518: result: x86_64-pc-linux-gnu
configure:2538: checking target system type
configure:2551: result: x86_64-pc-linux-gnu
configure:2594: checking for a BSD-compatible install
configure:2662: result: /usr/bin/install -c
configure:2673: checking whether build environment is sane
configure:2728: result: yes
configure:2766: WARNING: 'missing' script is too old or missing
configure:2879: checking for a thread-safe mkdir -p
configure:2918: result: /bin/mkdir -p
configure:2925: checking for gawk
configure:2941: found /usr/bin/gawk
configure:2952: result: gawk
configure:2963: checking whether make sets $(MAKE)
configure:2985: result: yes
configure:3014: checking whether make supports nested variables
configure:3031: result: yes
configure:3185: checking whether NLS is requested
configure:3194: result: yes
configure:3232: checking for msgfmt
configure:3263: result: /usr/bin/msgfmt
configure:3272: checking for gmsgfmt
configure:3303: result: /usr/bin/msgfmt
configure:3343: checking for xgettext
configure:3374: result: /usr/bin/xgettext
configure:3414: checking for msgmerge
configure:3444: result: /usr/bin/msgmerge
configure:3491: checking for style of include used by make
configure:3519: result: GNU
configure:3590: checking for gcc
configure:3606: found /usr/bin/gcc
configure:3617: result: gcc
configure:3846: checking for C compiler version
configure:3855: gcc --version >&5
gcc (Ubuntu 7.2.0-8ubuntu3.2) 7.2.0
Copyright (C) 2017 Free Software Foundation, Inc.
This is free software; see the source for copying conditions.  There is NO
warranty; not even for MERCHANTABILITY or FITNESS FOR A PARTICULAR PURPOSE.

configure:3866: $? = 0
configure:3855: gcc -v >&5
Using built-in specs.
COLLECT_GCC=gcc
COLLECT_LTO_WRAPPER=/usr/lib/gcc/x86_64-linux-gnu/7/lto-wrapper
OFFLOAD_TARGET_NAMES=nvptx-none
OFFLOAD_TARGET_DEFAULT=1
Target: x86_64-linux-gnu
Configured with: ../src/configure -v --with-pkgversion='Ubuntu 7.2.0-8ubuntu3.2' --with-bugurl=file:///usr/share/doc/gcc-7/README.Bugs --enable-languages=c,ada,c++,go,brig,d,fortran,objc,obj-c++ --prefix=/usr --with-gcc-major-version-only --program-suffix=-7 --program-prefix=x86_64-linux-gnu- --enable-shared --enable-linker-build-id --libexecdir=/usr/lib --without-included-gettext --enable-threads=posix --libdir=/usr/lib --enable-nls --with-sysroot=/ --enable-clocale=gnu --enable-libstdcxx-debug --enable-libstdcxx-time=yes --with-default-libstdcxx-abi=new --enable-gnu-unique-object --disable-vtable-verify --enable-libmpx --enable-plugin --enable-default-pie --with-system-zlib --with-target-system-zlib --enable-objc-gc=auto --enable-multiarch --disable-werror --with-arch-32=i686 --with-abi=m64 --with-multilib-list=m32,m64,mx32 --enable-multilib --with-tune=generic --enable-offload-targets=nvptx-none --without-cuda-driver --enable-checking=release --build=x86_64-linux-gnu --host=x86_64-linux-gnu --target=x86_64-linux-gnu
Thread model: posix
gcc version 7.2.0 (Ubuntu 7.2.0-8ubuntu3.2) 
configure:3866: $? = 0
configure:3855: gcc -V >&5
gcc: error: unrecognized command line option '-V'
gcc: fatal error: no input files
compilation terminated.
configure:3866: $? = 1
configure:3855: gcc -qversion >&5
gcc: error: unrecognized command line option '-qversion'; did you mean '--version'?
gcc: fatal error: no input files
compilation terminated.
configure:3866: $? = 1
configure:3886: checking whether the C compiler works
configure:3908: gcc    conftest.c  >&5
configure:3912: $? = 0
configure:3960: result: yes
configure:3963: checking for C compiler default output file name
configure:3965: result: a.out
configure:3971: checking for suffix of executables
configure:3978: gcc -o conftest    conftest.c  >&5
configure:3982: $? = 0
configure:4004: result: 
configure:4026: checking whether we are cross compiling
configure:4034: gcc -o conftest    conftest.c  >&5
configure:4038: $? = 0
configure:4045: ./conftest
configure:4049: $? = 0
configure:4064: result: no
configure:4069: checking for suffix of object files
configure:4091: gcc -c   conftest.c >&5
configure:4095: $? = 0
configure:4116: result: o
configure:4120: checking whether we are using the GNU C compiler
configure:4139: gcc -c   conftest.c >&5
configure:4139: $? = 0
configure:4148: result: yes
configure:4157: checking whether gcc accepts -g
configure:4177: gcc -c -g  conftest.c >&5
configure:4177: $? = 0
configure:4218: result: yes
configure:4235: checking for gcc option to accept ISO C89
configure:4298: gcc  -c -g -O2  conftest.c >&5
configure:4298: $? = 0
configure:4311: result: none needed
configure:4336: checking whether gcc understands -c and -o together
configure:4358: gcc -c conftest.c -o conftest2.o
configure:4361: $? = 0
configure:4358: gcc -c conftest.c -o conftest2.o
configure:4361: $? = 0
configure:4373: result: yes
configure:4392: checking dependency style of gcc
configure:4503: result: gcc3
configure:4561: checking for ranlib
configure:4577: found /usr/bin/ranlib
configure:4588: result: ranlib
configure:4612: checking for strerror in -lcposix
configure:4637: gcc -o conftest -g -O2   conftest.c -lcposix   >&5
/usr/bin/ld: cannot find -lcposix
collect2: error: ld returned 1 exit status
configure:4637: $? = 1
configure: failed program was:
| /* confdefs.h */
| #define PACKAGE_NAME "bmp"
| #define PACKAGE_TARNAME "bmp"
| #define PACKAGE_VERSION "0.9.7.1"
| #define PACKAGE_STRING "bmp 0.9.7.1"
| #define PACKAGE_BUGREPORT ""
| #define PACKAGE_URL ""
| #define PACKAGE "bmp"
| #define VERSION "0.9.7.1"
| /* end confdefs.h.  */
| 
| /* Override any GCC internal prototype to avoid an error.
|    Use char because int might match the return type of a GCC
|    builtin and then its argument prototype would still apply.  */
| #ifdef __cplusplus
| extern "C"
| #endif
| char strerror ();
| int
| main ()
| {
| return strerror ();
|   ;
|   return 0;
| }
configure:4646: result: no
configure:4659: checking how to run the C preprocessor
configure:4690: gcc -E  conftest.c
configure:4690: $? = 0
configure:4704: gcc -E  conftest.c
conftest.c:11:10: fatal error: ac_nonexistent.h: No such file or directory
 #include <ac_nonexistent.h>
          ^~~~~~~~~~~~~~~~~~
compilation terminated.
configure:4704: $? = 1
configure: failed program was:
| /* confdefs.h */
| #define PACKAGE_NAME "bmp"
| #define PACKAGE_TARNAME "bmp"
| #define PACKAGE_VERSION "0.9.7.1"
| #define PACKAGE_STRING "bmp 0.9.7.1"
| #define PACKAGE_BUGREPORT ""
| #define PACKAGE_URL ""
| #define PACKAGE "bmp"
| #define VERSION "0.9.7.1"
| /* end confdefs.h.  */
| #include <ac_nonexistent.h>
configure:4729: result: gcc -E
configure:4749: gcc -E  conftest.c
configure:4749: $? = 0
configure:4763: gcc -E  conftest.c
conftest.c:11:10: fatal error: ac_nonexistent.h: No such file or directory
 #include <ac_nonexistent.h>
          ^~~~~~~~~~~~~~~~~~
compilation terminated.
configure:4763: $? = 1
configure: failed program was:
| /* confdefs.h */
| #define PACKAGE_NAME "bmp"
| #define PACKAGE_TARNAME "bmp"
| #define PACKAGE_VERSION "0.9.7.1"
| #define PACKAGE_STRING "bmp 0.9.7.1"
| #define PACKAGE_BUGREPORT ""
| #define PACKAGE_URL ""
| #define PACKAGE "bmp"
| #define VERSION "0.9.7.1"
| /* end confdefs.h.  */
| #include <ac_nonexistent.h>
configure:4792: checking for grep that handles long lines and -e
configure:4850: result: /bin/grep
configure:4855: checking for egrep
configure:4917: result: /bin/grep -E
configure:4922: checking for ANSI C header files
configure:4942: gcc -c -g -O2  conftest.c >&5
configure:4942: $? = 0
configure:5015: gcc -o conftest -g -O2   conftest.c  >&5
configure:5015: $? = 0
configure:5015: ./conftest
configure:5015: $? = 0
configure:5026: result: yes
configure:5034: checking for an ANSI C-conforming const
configure:5100: gcc -c -g -O2  conftest.c >&5
configure:5100: $? = 0
configure:5107: result: yes
configure:5115: checking for inline
configure:5131: gcc -c -g -O2  conftest.c >&5
configure:5131: $? = 0
configure:5139: result: inline
configure:5162: checking for sys/types.h
configure:5162: gcc -c -g -O2  conftest.c >&5
configure:5162: $? = 0
configure:5162: result: yes
configure:5162: checking for sys/stat.h
configure:5162: gcc -c -g -O2  conftest.c >&5
configure:5162: $? = 0
configure:5162: result: yes
configure:5162: checking for stdlib.h
configure:5162: gcc -c -g -O2  conftest.c >&5
configure:5162: $? = 0
configure:5162: result: yes
configure:5162: checking for string.h
configure:5162: gcc -c -g -O2  conftest.c >&5
configure:5162: $? = 0
configure:5162: result: yes
configure:5162: checking for memory.h
configure:5162: gcc -c -g -O2  conftest.c >&5
configure:5162: $? = 0
configure:5162: result: yes
configure:5162: checking for strings.h
configure:5162: gcc -c -g -O2  conftest.c >&5
configure:5162: $? = 0
configure:5162: result: yes
configure:5162: checking for inttypes.h
configure:5162: gcc -c -g -O2  conftest.c >&5
configure:5162: $? = 0
configure:5162: result: yes
configure:5162: checking for stdint.h
configure:5162: gcc -c -g -O2  conftest.c >&5
configure:5162: $? = 0
configure:5162: result: yes
configure:5162: checking for unistd.h
configure:5162: gcc -c -g -O2  conftest.c >&5
configure:5162: $? = 0
configure:5162: result: yes
configure:5174: checking for off_t
configure:5174: gcc -c -g -O2  conftest.c >&5
configure:5174: $? = 0
configure:5174: gcc -c -g -O2  conftest.c >&5
conftest.c: In function 'main':
conftest.c:57:20: error: expected expression before ')' token
 if (sizeof ((off_t)))
                    ^
configure:5174: $? = 1
configure: failed program was:
| /* confdefs.h */
| #define PACKAGE_NAME "bmp"
| #define PACKAGE_TARNAME "bmp"
| #define PACKAGE_VERSION "0.9.7.1"
| #define PACKAGE_STRING "bmp 0.9.7.1"
| #define PACKAGE_BUGREPORT ""
| #define PACKAGE_URL ""
| #define PACKAGE "bmp"
| #define VERSION "0.9.7.1"
| #define STDC_HEADERS 1
| #define HAVE_SYS_TYPES_H 1
| #define HAVE_SYS_STAT_H 1
| #define HAVE_STDLIB_H 1
| #define HAVE_STRING_H 1
| #define HAVE_MEMORY_H 1
| #define HAVE_STRINGS_H 1
| #define HAVE_INTTYPES_H 1
| #define HAVE_STDINT_H 1
| #define HAVE_UNISTD_H 1
| /* end confdefs.h.  */
| #include <stdio.h>
| #ifdef HAVE_SYS_TYPES_H
| # include <sys/types.h>
| #endif
| #ifdef HAVE_SYS_STAT_H
| # include <sys/stat.h>
| #endif
| #ifdef STDC_HEADERS
| # include <stdlib.h>
| # include <stddef.h>
| #else
| # ifdef HAVE_STDLIB_H
| #  include <stdlib.h>
| # endif
| #endif
| #ifdef HAVE_STRING_H
| # if !defined STDC_HEADERS && defined HAVE_MEMORY_H
| #  include <memory.h>
| # endif
| # include <string.h>
| #endif
| #ifdef HAVE_STRINGS_H
| # include <strings.h>
| #endif
| #ifdef HAVE_INTTYPES_H
| # include <inttypes.h>
| #endif
| #ifdef HAVE_STDINT_H
| # include <stdint.h>
| #endif
| #ifdef HAVE_UNISTD_H
| # include <unistd.h>
| #endif
| int
| main ()
| {
| if (sizeof ((off_t)))
| 	    return 0;
|   ;
|   return 0;
| }
configure:5174: result: yes
configure:5185: checking for size_t
configure:5185: gcc -c -g -O2  conftest.c >&5
configure:5185: $? = 0
configure:5185: gcc -c -g -O2  conftest.c >&5
conftest.c: In function 'main':
conftest.c:57:21: error: expected expression before ')' token
 if (sizeof ((size_t)))
                     ^
configure:5185: $? = 1
configure: failed program was:
| /* confdefs.h */
| #define PACKAGE_NAME "bmp"
| #define PACKAGE_TARNAME "bmp"
| #define PACKAGE_VERSION "0.9.7.1"
| #define PACKAGE_STRING "bmp 0.9.7.1"
| #define PACKAGE_BUGREPORT ""
| #define PACKAGE_URL ""
| #define PACKAGE "bmp"
| #define VERSION "0.9.7.1"
| #define STDC_HEADERS 1
| #define HAVE_SYS_TYPES_H 1
| #define HAVE_SYS_STAT_H 1
| #define HAVE_STDLIB_H 1
| #define HAVE_STRING_H 1
| #define HAVE_MEMORY_H 1
| #define HAVE_STRINGS_H 1
| #define HAVE_INTTYPES_H 1
| #define HAVE_STDINT_H 1
| #define HAVE_UNISTD_H 1
| /* end confdefs.h.  */
| #include <stdio.h>
| #ifdef HAVE_SYS_TYPES_H
| # include <sys/types.h>
| #endif
| #ifdef HAVE_SYS_STAT_H
| # include <sys/stat.h>
| #endif
| #ifdef STDC_HEADERS
| # include <stdlib.h>
| # include <stddef.h>
| #else
| # ifdef HAVE_STDLIB_H
| #  include <stdlib.h>
| # endif
| #endif
| #ifdef HAVE_STRING_H
| # if !defined STDC_HEADERS && defined HAVE_MEMORY_H
| #  include <memory.h>
| # endif
| # include <string.h>
| #endif
| #ifdef HAVE_STRINGS_H
| # include <strings.h>
| #endif
| #ifdef HAVE_INTTYPES_H
| # include <inttypes.h>
| #endif
| #ifdef HAVE_STDINT_H
| # include <stdint.h>
| #endif
| #ifdef HAVE_UNISTD_H
| # include <unistd.h>
| #endif
| int
| main ()
| {
| if (sizeof ((size_t)))
| 	    return 0;
|   ;
|   return 0;
| }
configure:5185: result: yes
configure:5198: checking for working alloca.h
configure:5215: gcc -o conftest -g -O2   conftest.c  >&5
configure:5215: $? = 0
configure:5223: result: yes
configure:5231: checking for alloca
configure:5268: gcc -o conftest -g -O2   conftest.c  >&5
configure:5268: $? = 0
configure:5276: result: yes
configure:5388: checking for stdlib.h
configure:5388: result: yes
configure:5388: checking for unistd.h
configure:5388: result: yes
configure:5388: checking for sys/param.h
configure:5388: gcc -c -g -O2  conftest.c >&5
configure:5388: $? = 0
configure:5388: result: yes
configure:5408: checking for getpagesize
configure:5408: gcc -o conftest -g -O2   conftest.c  >&5
configure:5408: $? = 0
configure:5408: result: yes
configure:5417: checking for working mmap
configure:5566: gcc -o conftest -g -O2   conftest.c  >&5
configure:5566: $? = 0
configure:5566: ./conftest
configure:5566: $? = 0
configure:5576: result: yes
configure:5586: checking whether we are using the GNU C Library 2.1 or newer
configure:5613: result: yes
configure:5621: checking whether integer division by zero raises SIGFPE
configure:5678: gcc -o conftest -g -O2   conftest.c  >&5
conftest.c:46:5: warning: built-in function 'nan' declared as non-function
 int nan;
     ^~~
configure:5678: $? = 0
configure:5678: ./conftest
configure:5678: $? = 0
configure:5689: result: yes
configure:5702: checking for inttypes.h
configure:5719: gcc -c -g -O2  conftest.c >&5
configure:5719: $? = 0
configure:5726: result: yes
configure:5737: checking for stdint.h
configure:5754: gcc -c -g -O2  conftest.c >&5
configure:5754: $? = 0
configure:5761: result: yes
configure:5772: checking for unsigned long long
configure:5789: gcc -o conftest -g -O2   conftest.c  >&5
configure:5789: $? = 0
configure:5797: result: yes
configure:5825: checking for inttypes.h
configure:5843: gcc -c -g -O2  conftest.c >&5
configure:5843: $? = 0
configure:5851: result: yes
configure:5864: checking whether the inttypes.h PRIxNN macros are broken
configure:5885: gcc -c -g -O2  conftest.c >&5
configure:5885: $? = 0
configure:5893: result: no
configure:5944: checking for ld used by GCC
configure:6007: result: /usr/bin/ld
configure:6014: checking if the linker (/usr/bin/ld) is GNU ld
GNU ld (GNU Binutils for Ubuntu) 2.29.1
configure:6026: result: yes
configure:6032: checking for shared library run path origin
configure:6045: result: done
configure:6451: checking argz.h usability
configure:6451: gcc -c -g -O2  conftest.c >&5
configure:6451: $? = 0
configure:6451: result: yes
configure:6451: checking argz.h presence
configure:6451: gcc -E  conftest.c
configure:6451: $? = 0
configure:6451: result: yes
configure:6451: checking for argz.h
configure:6451: result: yes
configure:6451: checking limits.h usability
configure:6451: gcc -c -g -O2  conftest.c >&5
configure:6451: $? = 0
configure:6451: result: yes
configure:6451: checking limits.h presence
configure:6451: gcc -E  conftest.c
configure:6451: $? = 0
configure:6451: result: yes
configure:6451: checking for limits.h
configure:6451: result: yes
configure:6451: checking locale.h usability
configure:6451: gcc -c -g -O2  conftest.c >&5
configure:6451: $? = 0
configure:6451: result: yes
configure:6451: checking locale.h presence
configure:6451: gcc -E  conftest.c
configure:6451: $? = 0
configure:6451: result: yes
configure:6451: checking for locale.h
configure:6451: result: yes
configure:6451: checking nl_types.h usability
configure:6451: gcc -c -g -O2  conftest.c >&5
configure:6451: $? = 0
configure:6451: result: yes
configure:6451: checking nl_types.h presence
configure:6451: gcc -E  conftest.c
configure:6451: $? = 0
configure:6451: result: yes
configure:6451: checking for nl_types.h
configure:6451: result: yes
configure:6451: checking malloc.h usability
configure:6451: gcc -c -g -O2  conftest.c >&5
configure:6451: $? = 0
configure:6451: result: yes
configure:6451: checking malloc.h presence
configure:6451: gcc -E  conftest.c
configure:6451: $? = 0
configure:6451: result: yes
configure:6451: checking for malloc.h
configure:6451: result: yes
configure:6451: checking stddef.h usability
configure:6451: gcc -c -g -O2  conftest.c >&5
configure:6451: $? = 0
configure:6451: result: yes
configure:6451: checking stddef.h presence
configure:6451: gcc -E  conftest.c
configure:6451: $? = 0
configure:6451: result: yes
configure:6451: checking for stddef.h
configure:6451: result: yes
configure:6451: checking for stdlib.h
configure:6451: result: yes
configure:6451: checking for string.h
configure:6451: result: yes
configure:6451: checking for unistd.h
configure:6451: result: yes
configure:6451: checking for sys/param.h
configure:6451: result: yes
configure:6467: checking for feof_unlocked
configure:6467: gcc -o conftest -g -O2   conftest.c  >&5
configure:6467: $? = 0
configure:6467: result: yes
configure:6467: checking for fgets_unlocked
configure:6467: gcc -o conftest -g -O2   conftest.c  >&5
configure:6467: $? = 0
configure:6467: result: yes
configure:6467: checking for getc_unlocked
configure:6467: gcc -o conftest -g -O2   conftest.c  >&5
configure:6467: $? = 0
configure:6467: result: yes
configure:6467: checking for getcwd
configure:6467: gcc -o conftest -g -O2   conftest.c  >&5
configure:6467: $? = 0
configure:6467: result: yes
configure:6467: checking for getegid
configure:6467: gcc -o conftest -g -O2   conftest.c  >&5
configure:6467: $? = 0
configure:6467: result: yes
configure:6467: checking for geteuid
configure:6467: gcc -o conftest -g -O2   conftest.c  >&5
configure:6467: $? = 0
configure:6467: result: yes
configure:6467: checking for getgid
configure:6467: gcc -o conftest -g -O2   conftest.c  >&5
configure:6467: $? = 0
configure:6467: result: yes
configure:6467: checking for getuid
configure:6467: gcc -o conftest -g -O2   conftest.c  >&5
configure:6467: $? = 0
configure:6467: result: yes
configure:6467: checking for mempcpy
configure:6467: gcc -o conftest -g -O2   conftest.c  >&5
conftest.c:75:6: warning: conflicting types for built-in function 'mempcpy' [-Wbuiltin-declaration-mismatch]
 char mempcpy ();
      ^~~~~~~
configure:6467: $? = 0
configure:6467: result: yes
configure:6467: checking for munmap
configure:6467: gcc -o conftest -g -O2   conftest.c  >&5
configure:6467: $? = 0
configure:6467: result: yes
configure:6467: checking for putenv
configure:6467: gcc -o conftest -g -O2   conftest.c  >&5
configure:6467: $? = 0
configure:6467: result: yes
configure:6467: checking for setenv
configure:6467: gcc -o conftest -g -O2   conftest.c  >&5
configure:6467: $? = 0
configure:6467: result: yes
configure:6467: checking for setlocale
configure:6467: gcc -o conftest -g -O2   conftest.c  >&5
configure:6467: $? = 0
configure:6467: result: yes
configure:6467: checking for stpcpy
configure:6467: gcc -o conftest -g -O2   conftest.c  >&5
conftest.c:80:6: warning: conflicting types for built-in function 'stpcpy' [-Wbuiltin-declaration-mismatch]
 char stpcpy ();
      ^~~~~~
configure:6467: $? = 0
configure:6467: result: yes
configure:6467: checking for strcasecmp
configure:6467: gcc -o conftest -g -O2   conftest.c  >&5
conftest.c:81:6: warning: conflicting types for built-in function 'strcasecmp' [-Wbuiltin-declaration-mismatch]
 char strcasecmp ();
      ^~~~~~~~~~
configure:6467: $? = 0
configure:6467: result: yes
configure:6467: checking for strdup
configure:6467: gcc -o conftest -g -O2   conftest.c  >&5
conftest.c:82:6: warning: conflicting types for built-in function 'strdup' [-Wbuiltin-declaration-mismatch]
 char strdup ();
      ^~~~~~
configure:6467: $? = 0
configure:6467: result: yes
configure:6467: checking for strtoul
configure:6467: gcc -o conftest -g -O2   conftest.c  >&5
configure:6467: $? = 0
configure:6467: result: yes
configure:6467: checking for tsearch
configure:6467: gcc -o conftest -g -O2   conftest.c  >&5
configure:6467: $? = 0
configure:6467: result: yes
configure:6467: checking for __argz_count
configure:6467: gcc -o conftest -g -O2   conftest.c  >&5
configure:6467: $? = 0
configure:6467: result: yes
configure:6467: checking for __argz_stringify
configure:6467: gcc -o conftest -g -O2   conftest.c  >&5
configure:6467: $? = 0
configure:6467: result: yes
configure:6467: checking for __argz_next
configure:6467: gcc -o conftest -g -O2   conftest.c  >&5
configure:6467: $? = 0
configure:6467: result: yes
configure:6467: checking for __fsetlocking
configure:6467: gcc -o conftest -g -O2   conftest.c  >&5
configure:6467: $? = 0
configure:6467: result: yes
configure:6507: checking for iconv
configure:6529: gcc -o conftest -g -O2   conftest.c  >&5
configure:6529: $? = 0
configure:6561: result: yes
configure:6582: checking for iconv declaration
configure:6611: gcc -c -g -O2  conftest.c >&5
configure:6611: $? = 0
configure:6622: result: 
         extern size_t iconv (iconv_t cd, char * *inbuf, size_t *inbytesleft, char * *outbuf, size_t *outbytesleft);
configure:6633: checking for nl_langinfo and CODESET
configure:6649: gcc -o conftest -g -O2   conftest.c  >&5
configure:6649: $? = 0
configure:6658: result: yes
configure:6668: checking for LC_MESSAGES
configure:6684: gcc -o conftest -g -O2   conftest.c  >&5
configure:6684: $? = 0
configure:6692: result: yes
configure:6706: checking for bison
configure:6736: result: no
configure:6778: checking whether NLS is requested
configure:6787: result: yes
configure:6803: checking whether included gettext is requested
configure:6813: result: no
configure:6824: checking for GNU gettext in libc
configure:6843: gcc -o conftest -g -O2   conftest.c  >&5
conftest.c: In function 'main':
conftest.c:77:8: warning: cast from pointer to integer of different size [-Wpointer-to-int-cast]
 return (int) gettext ("") + _nl_msg_cat_cntr + *_nl_domain_bindings
        ^
configure:6843: $? = 0
configure:6851: result: yes
configure:7345: checking whether to use NLS
configure:7347: result: yes
configure:7350: checking where the gettext function comes from
configure:7361: result: libc
configure:7457: checking for strerror in -lcposix
configure:7491: result: no
configure:7499: checking whether byte ordering is bigendian
configure:7514: gcc -c -g -O2  conftest.c >&5
conftest.c:74:9: error: unknown type name 'not'
         not a universal capable compiler
         ^~~
conftest.c:74:15: error: expected '=', ',', ';', 'asm' or '__attribute__' before 'universal'
         not a universal capable compiler
               ^~~~~~~~~
conftest.c:74:15: error: unknown type name 'universal'
configure:7514: $? = 1
configure: failed program was:
| /* confdefs.h */
| #define PACKAGE_NAME "bmp"
| #define PACKAGE_TARNAME "bmp"
| #define PACKAGE_VERSION "0.9.7.1"
| #define PACKAGE_STRING "bmp 0.9.7.1"
| #define PACKAGE_BUGREPORT ""
| #define PACKAGE_URL ""
| #define PACKAGE "bmp"
| #define VERSION "0.9.7.1"
| #define STDC_HEADERS 1
| #define HAVE_SYS_TYPES_H 1
| #define HAVE_SYS_STAT_H 1
| #define HAVE_STDLIB_H 1
| #define HAVE_STRING_H 1
| #define HAVE_MEMORY_H 1
| #define HAVE_STRINGS_H 1
| #define HAVE_INTTYPES_H 1
| #define HAVE_STDINT_H 1
| #define HAVE_UNISTD_H 1
| #define HAVE_ALLOCA_H 1
| #define HAVE_ALLOCA 1
| #define HAVE_STDLIB_H 1
| #define HAVE_UNISTD_H 1
| #define HAVE_SYS_PARAM_H 1
| #define HAVE_GETPAGESIZE 1
| #define HAVE_MMAP 1
| #define INTDIV0_RAISES_SIGFPE 1
| #define HAVE_INTTYPES_H_WITH_UINTMAX 1
| #define HAVE_STDINT_H_WITH_UINTMAX 1
| #define HAVE_UNSIGNED_LONG_LONG 1
| #define HAVE_UINTMAX_T 1
| #define HAVE_INTTYPES_H 1
| #define HAVE_ARGZ_H 1
| #define HAVE_LIMITS_H 1
| #define HAVE_LOCALE_H 1
| #define HAVE_NL_TYPES_H 1
| #define HAVE_MALLOC_H 1
| #define HAVE_STDDEF_H 1
| #define HAVE_STDLIB_H 1
| #define HAVE_STRING_H 1
| #define HAVE_UNISTD_H 1
| #define HAVE_SYS_PARAM_H 1
| #define HAVE_FEOF_UNLOCKED 1
| #define HAVE_FGETS_UNLOCKED 1
| #define HAVE_GETC_UNLOCKED 1
| #define HAVE_GETCWD 1
| #define HAVE_GETEGID 1
| #define HAVE_GETEUID 1
| #define HAVE_GETGID 1
| #define HAVE_GETUID 1
| #define HAVE_MEMPCPY 1
| #define HAVE_MUNMAP 1
| #define HAVE_PUTENV 1
| #define HAVE_SETENV 1
| #define HAVE_SETLOCALE 1
| #define HAVE_STPCPY 1
| #define HAVE_STRCASECMP 1
| #define HAVE_STRDUP 1
| #define HAVE_STRTOUL 1
| #define HAVE_TSEARCH 1
| #define HAVE___ARGZ_COUNT 1
| #define HAVE___ARGZ_STRINGIFY 1
| #define HAVE___ARGZ_NEXT 1
| #define HAVE___FSETLOCKING 1
| #define HAVE_ICONV 1
| #define ICONV_CONST 
| #define HAVE_LANGINFO_CODESET 1
| #define HAVE_LC_MESSAGES 1
| #define ENABLE_NLS 1
| #define HAVE_GETTEXT 1
| #define HAVE_DCGETTEXT 1
| /* end confdefs.h.  */
| #ifndef __APPLE_CC__
| 	       not a universal capable compiler
| 	     #endif
| 	     typedef int dummy;
| 
configure:7559: gcc -c -g -O2  conftest.c >&5
configure:7559: $? = 0
configure:7577: gcc -c -g -O2  conftest.c >&5
conftest.c: In function 'main':
conftest.c:80:4: error: unknown type name 'not'; did you mean 'ino_t'?
    not big endian
    ^~~
    ino_t
conftest.c:80:12: error: expected '=', ',', ';', 'asm' or '__attribute__' before 'endian'
    not big endian
            ^~~~~~
configure:7577: $? = 1
configure: failed program was:
| /* confdefs.h */
| #define PACKAGE_NAME "bmp"
| #define PACKAGE_TARNAME "bmp"
| #define PACKAGE_VERSION "0.9.7.1"
| #define PACKAGE_STRING "bmp 0.9.7.1"
| #define PACKAGE_BUGREPORT ""
| #define PACKAGE_URL ""
| #define PACKAGE "bmp"
| #define VERSION "0.9.7.1"
| #define STDC_HEADERS 1
| #define HAVE_SYS_TYPES_H 1
| #define HAVE_SYS_STAT_H 1
| #define HAVE_STDLIB_H 1
| #define HAVE_STRING_H 1
| #define HAVE_MEMORY_H 1
| #define HAVE_STRINGS_H 1
| #define HAVE_INTTYPES_H 1
| #define HAVE_STDINT_H 1
| #define HAVE_UNISTD_H 1
| #define HAVE_ALLOCA_H 1
| #define HAVE_ALLOCA 1
| #define HAVE_STDLIB_H 1
| #define HAVE_UNISTD_H 1
| #define HAVE_SYS_PARAM_H 1
| #define HAVE_GETPAGESIZE 1
| #define HAVE_MMAP 1
| #define INTDIV0_RAISES_SIGFPE 1
| #define HAVE_INTTYPES_H_WITH_UINTMAX 1
| #define HAVE_STDINT_H_WITH_UINTMAX 1
| #define HAVE_UNSIGNED_LONG_LONG 1
| #define HAVE_UINTMAX_T 1
| #define HAVE_INTTYPES_H 1
| #define HAVE_ARGZ_H 1
| #define HAVE_LIMITS_H 1
| #define HAVE_LOCALE_H 1
| #define HAVE_NL_TYPES_H 1
| #define HAVE_MALLOC_H 1
| #define HAVE_STDDEF_H 1
| #define HAVE_STDLIB_H 1
| #define HAVE_STRING_H 1
| #define HAVE_UNISTD_H 1
| #define HAVE_SYS_PARAM_H 1
| #define HAVE_FEOF_UNLOCKED 1
| #define HAVE_FGETS_UNLOCKED 1
| #define HAVE_GETC_UNLOCKED 1
| #define HAVE_GETCWD 1
| #define HAVE_GETEGID 1
| #define HAVE_GETEUID 1
| #define HAVE_GETGID 1
| #define HAVE_GETUID 1
| #define HAVE_MEMPCPY 1
| #define HAVE_MUNMAP 1
| #define HAVE_PUTENV 1
| #define HAVE_SETENV 1
| #define HAVE_SETLOCALE 1
| #define HAVE_STPCPY 1
| #define HAVE_STRCASECMP 1
| #define HAVE_STRDUP 1
| #define HAVE_STRTOUL 1
| #define HAVE_TSEARCH 1
| #define HAVE___ARGZ_COUNT 1
| #define HAVE___ARGZ_STRINGIFY 1
| #define HAVE___ARGZ_NEXT 1
| #define HAVE___FSETLOCKING 1
| #define HAVE_ICONV 1
| #define ICONV_CONST 
| #define HAVE_LANGINFO_CODESET 1
| #define HAVE_LC_MESSAGES 1
| #define ENABLE_NLS 1
| #define HAVE_GETTEXT 1
| #define HAVE_DCGETTEXT 1
| /* end confdefs.h.  */
| #include <sys/types.h>
| 		#include <sys/param.h>
| 
| int
| main ()
| {
| #if BYTE_ORDER != BIG_ENDIAN
| 		 not big endian
| 		#endif
| 
|   ;
|   return 0;
| }
configure:7705: result: no
configure:7735: checking dependency style of gcc
configure:7844: result: gcc3
configure:7863: checking whether ln -s works
configure:7867: result: yes
configure:7874: checking whether make sets $(MAKE)
configure:7896: result: yes
configure:8020: checking how to print strings
configure:8047: result: printf
configure:8068: checking for a sed that does not truncate output
configure:8132: result: /bin/sed
configure:8150: checking for fgrep
configure:8212: result: /bin/grep -F
configure:8247: checking for ld used by gcc
configure:8314: result: /usr/bin/ld
configure:8321: checking if the linker (/usr/bin/ld) is GNU ld
configure:8336: result: yes
configure:8348: checking for BSD- or MS-compatible name lister (nm)
configure:8402: result: /usr/bin/nm -B
configure:8532: checking the name lister (/usr/bin/nm -B) interface
configure:8539: gcc -c -g -O2  conftest.c >&5
configure:8542: /usr/bin/nm -B "conftest.o"
configure:8545: output
0000000000000000 B some_variable
configure:8552: result: BSD nm
configure:8556: checking the maximum length of command line arguments
configure:8687: result: 1572864
configure:8735: checking how to convert x86_64-pc-linux-gnu file names to x86_64-pc-linux-gnu format
configure:8775: result: func_convert_file_noop
configure:8782: checking how to convert x86_64-pc-linux-gnu file names to toolchain format
configure:8802: result: func_convert_file_noop
configure:8809: checking for /usr/bin/ld option to reload object files
configure:8816: result: -r
configure:8890: checking for objdump
configure:8906: found /usr/bin/objdump
configure:8917: result: objdump
configure:8949: checking how to recognize dependent libraries
configure:9149: result: pass_all
configure:9234: checking for dlltool
configure:9264: result: no
configure:9294: checking how to associate runtime and link libraries
configure:9321: result: printf %s\n
configure:9381: checking for ar
configure:9397: found /usr/bin/ar
configure:9408: result: ar
configure:9445: checking for archiver @FILE support
configure:9462: gcc -c -g -O2  conftest.c >&5
configure:9462: $? = 0
configure:9465: ar cru libconftest.a @conftest.lst >&5
ar: `u' modifier ignored since `D' is the default (see `U')
configure:9468: $? = 0
configure:9473: ar cru libconftest.a @conftest.lst >&5
ar: `u' modifier ignored since `D' is the default (see `U')
ar: conftest.o: No such file or directory
configure:9476: $? = 1
configure:9488: result: @
configure:9546: checking for strip
configure:9562: found /usr/bin/strip
configure:9573: result: strip
configure:9645: checking for ranlib
configure:9672: result: ranlib
configure:9774: checking command to parse /usr/bin/nm -B output from gcc object
configure:9927: gcc -c -g -O2  conftest.c >&5
configure:9930: $? = 0
configure:9934: /usr/bin/nm -B conftest.o \| sed -n -e 's/^.*[ ]\([ABCDGIRSTW][ABCDGIRSTW]*\)[ ][ ]*\([_A-Za-z][_A-Za-z0-9]*\)$/\1 \2 \2/p' | sed '/ __gnu_lto/d' \> conftest.nm
configure:9937: $? = 0
configure:10003: gcc -o conftest -g -O2   conftest.c conftstm.o >&5
configure:10006: $? = 0
configure:10044: result: ok
configure:10091: checking for sysroot
configure:10121: result: no
configure:10128: checking for a working dd
configure:10166: result: /bin/dd
configure:10170: checking how to truncate binary pipes
configure:10185: result: /bin/dd bs=4096 count=1
configure:10321: gcc -c -g -O2  conftest.c >&5
configure:10324: $? = 0
configure:10514: checking for mt
configure:10530: found /bin/mt
configure:10541: result: mt
configure:10564: checking if mt is a manifest tool
configure:10570: mt '-?'
configure:10578: result: no
configure:11252: checking for dlfcn.h
configure:11252: gcc -c -g -O2  conftest.c >&5
configure:11252: $? = 0
configure:11252: result: yes
configure:11448: checking for objdir
configure:11463: result: .libs
configure:11727: checking if gcc supports -fno-rtti -fno-exceptions
configure:11745: gcc -c -g -O2  -fno-rtti -fno-exceptions conftest.c >&5
cc1: warning: command line option '-fno-rtti' is valid for C++/ObjC++ but not for C
configure:11749: $? = 0
configure:11762: result: no
configure:12120: checking for gcc option to produce PIC
configure:12127: result: -fPIC -DPIC
configure:12135: checking if gcc PIC flag -fPIC -DPIC works
configure:12153: gcc -c -g -O2  -fPIC -DPIC -DPIC conftest.c >&5
configure:12157: $? = 0
configure:12170: result: yes
configure:12199: checking if gcc static flag -static works
configure:12227: result: yes
configure:12242: checking if gcc supports -c -o file.o
configure:12263: gcc -c -g -O2  -o out/conftest2.o conftest.c >&5
configure:12267: $? = 0
configure:12289: result: yes
configure:12297: checking if gcc supports -c -o file.o
configure:12344: result: yes
configure:12377: checking whether the gcc linker (/usr/bin/ld -m elf_x86_64) supports shared libraries
configure:13640: result: yes
configure:13677: checking whether -lc should be explicitly linked in
configure:13685: gcc -c -g -O2  conftest.c >&5
configure:13688: $? = 0
configure:13703: gcc -shared  -fPIC -DPIC conftest.o  -v -Wl,-soname -Wl,conftest -o conftest 2\>\&1 \| /bin/grep  -lc  \>/dev/null 2\>\&1
configure:13706: $? = 0
configure:13720: result: no
configure:13880: checking dynamic linker characteristics
configure:14461: gcc -o conftest -g -O2   -Wl,-rpath -Wl,/foo conftest.c  >&5
configure:14461: $? = 0
configure:14710: result: GNU/Linux ld.so
configure:14832: checking how to hardcode library paths into programs
configure:14857: result: immediate
configure:15405: checking whether stripping libraries is possible
configure:15410: result: yes
configure:15445: checking if libtool supports shared libraries
configure:15447: result: yes
configure:15450: checking whether to build shared libraries
configure:15475: result: yes
configure:15478: checking whether to build static libraries
configure:15482: result: no
configure:15524: checking for beep-media-player
configure:15542: found /usr/local/bin/beep-media-player
configure:15555: result: /usr/local/bin/beep-media-player
configure:15692: checking for X
configure:15800: gcc -E  conftest.c
configure:15800: $? = 0
configure:15831: gcc -o conftest -g -O2   conftest.c -lX11  >&5
configure:15831: $? = 0
configure:15881: result: libraries , headers 
configure:15980: gcc -o conftest -g -O2   conftest.c   -lX11 >&5
configure:15980: $? = 0
configure:16078: checking for gethostbyname
configure:16078: gcc -o conftest -g -O2   conftest.c  >&5
configure:16078: $? = 0
configure:16078: result: yes
configure:16175: checking for connect
configure:16175: gcc -o conftest -g -O2   conftest.c  >&5
configure:16175: $? = 0
configure:16175: result: yes
configure:16224: checking for remove
configure:16224: gcc -o conftest -g -O2   conftest.c  >&5
configure:16224: $? = 0
configure:16224: result: yes
configure:16273: checking for shmat
configure:16273: gcc -o conftest -g -O2   conftest.c  >&5
configure:16273: $? = 0
configure:16273: result: yes
configure:16331: checking for IceConnectionNumber in -lICE
configure:16356: gcc -o conftest -g -O2   conftest.c -lICE   >&5
configure:16356: $? = 0
configure:16365: result: yes
configure:16386: checking for pkg-config
configure:16404: found /usr/bin/pkg-config
configure:16417: result: /usr/bin/pkg-config
configure:16435: checking for glib-2.0 >= 2.4.0 gtk+-2.0 >= 2.4.0 gthread-2.0 pango
configure:16439: result: yes
configure:16443: checking GTK_CFLAGS
configure:16446: result: -pthread -I/usr/include/gtk-2.0 -I/usr/lib/x86_64-linux-gnu/gtk-2.0/include -I/usr/include/gio-unix-2.0/ -I/usr/include/cairo -I/usr/include/pango-1.0 -I/usr/include/atk-1.0 -I/usr/include/cairo -I/usr/include/pixman-1 -I/usr/include/libpng16 -I/usr/include/gdk-pixbuf-2.0 -I/usr/include/libpng16 -I/usr/include/pango-1.0 -I/usr/include/harfbuzz -I/usr/include/freetype2 -I/usr/include/pango-1.0 -I/usr/include/glib-2.0 -I/usr/lib/x86_64-linux-gnu/glib-2.0/include
configure:16449: checking GTK_LIBS
configure:16452: result: -lgtk-x11-2.0 -lgdk-x11-2.0 -lpangocairo-1.0 -latk-1.0 -lcairo -lgdk_pixbuf-2.0 -lgio-2.0 -lpangoft2-1.0 -lfontconfig -lfreetype -lgthread-2.0 -pthread -lpango-1.0 -lgobject-2.0 -lglib-2.0
configure:16539: checking for libglade-2.0 >= 2.3.1
configure:16543: result: yes
configure:16547: checking LIBGLADE_CFLAGS
configure:16550: result: -pthread -I/usr/include/libglade-2.0 -I/usr/include/gtk-2.0 -I/usr/lib/x86_64-linux-gnu/gtk-2.0/include -I/usr/include/gio-unix-2.0/ -I/usr/include/cairo -I/usr/include/pango-1.0 -I/usr/include/atk-1.0 -I/usr/include/cairo -I/usr/include/pixman-1 -I/usr/include/libpng16 -I/usr/include/gdk-pixbuf-2.0 -I/usr/include/libpng16 -I/usr/include/pango-1.0 -I/usr/include/harfbuzz -I/usr/include/pango-1.0 -I/usr/include/glib-2.0 -I/usr/lib/x86_64-linux-gnu/glib-2.0/include -I/usr/include/freetype2 -I/usr/include/libxml2
configure:16553: checking LIBGLADE_LIBS
configure:16556: result: -lglade-2.0 -lgtk-x11-2.0 -lgdk-x11-2.0 -lpangocairo-1.0 -latk-1.0 -lcairo -lgdk_pixbuf-2.0 -lgio-2.0 -lpangoft2-1.0 -lpango-1.0 -lgobject-2.0 -lglib-2.0 -lfontconfig -lfreetype -lxml2
configure:16613: checking for socklen_t
configure:16630: gcc -c -g -O2  conftest.c >&5
configure:16630: $? = 0
configure:16640: result: yes
configure:16976: checking for esound >= 0.2
configure:17061: checking id3.h usability
configure:17061: gcc -c -g -O2  conftest.c >&5
conftest.c:111:10: fatal error: id3.h: No such file or directory
 #include <id3.h>
          ^~~~~~~
compilation terminated.
configure:17061: $? = 1
configure: failed program was:
| /* confdefs.h */
| #define PACKAGE_NAME "bmp"
| #define PACKAGE_TARNAME "bmp"
| #define PACKAGE_VERSION "0.9.7.1"
| #define PACKAGE_STRING "bmp 0.9.7.1"
| #define PACKAGE_BUGREPORT ""
| #define PACKAGE_URL ""
| #define PACKAGE "bmp"
| #define VERSION "0.9.7.1"
| #define STDC_HEADERS 1
| #define HAVE_SYS_TYPES_H 1
| #define HAVE_SYS_STAT_H 1
| #define HAVE_STDLIB_H 1
| #define HAVE_STRING_H 1
| #define HAVE_MEMORY_H 1
| #define HAVE_STRINGS_H 1
| #define HAVE_INTTYPES_H 1
| #define HAVE_STDINT_H 1
| #define HAVE_UNISTD_H 1
| #define HAVE_ALLOCA_H 1
| #define HAVE_ALLOCA 1
| #define HAVE_STDLIB_H 1
| #define HAVE_UNISTD_H 1
| #define HAVE_SYS_PARAM_H 1
| #define HAVE_GETPAGESIZE 1
| #define HAVE_MMAP 1
| #define INTDIV0_RAISES_SIGFPE 1
| #define HAVE_INTTYPES_H_WITH_UINTMAX 1
| #define HAVE_STDINT_H_WITH_UINTMAX 1
| #define HAVE_UNSIGNED_LONG_LONG 1
| #define HAVE_UINTMAX_T 1
| #define HAVE_INTTYPES_H 1
| #define HAVE_ARGZ_H 1
| #define HAVE_LIMITS_H 1
| #define HAVE_LOCALE_H 1
| #define HAVE_NL_TYPES_H 1
| #define HAVE_MALLOC_H 1
| #define HAVE_STDDEF_H 1
| #define HAVE_STDLIB_H 1
| #define HAVE_STRING_H 1
| #define HAVE_UNISTD_H 1
| #define HAVE_SYS_PARAM_H 1
| #define HAVE_FEOF_UNLOCKED 1
| #define HAVE_FGETS_UNLOCKED 1
| #define HAVE_GETC_UNLOCKED 1
| #define HAVE_GETCWD 1
| #define HAVE_GETEGID 1
| #define HAVE_GETEUID 1
| #define HAVE_GETGID 1
| #define HAVE_GETUID 1
| #define HAVE_MEMPCPY 1
| #define HAVE_MUNMAP 1
| #define HAVE_PUTENV 1
| #define HAVE_SETENV 1
| #define HAVE_SETLOCALE 1
| #define HAVE_STPCPY 1
| #define HAVE_STRCASECMP 1
| #define HAVE_STRDUP 1
| #define HAVE_STRTOUL 1
| #define HAVE_TSEARCH 1
| #define HAVE___ARGZ_COUNT 1
| #define HAVE___ARGZ_STRINGIFY 1
| #define HAVE___ARGZ_NEXT 1
| #define HAVE___FSETLOCKING 1
| #define HAVE_ICONV 1
| #define ICONV_CONST 
| #define HAVE_LANGINFO_CODESET 1
| #define HAVE_LC_MESSAGES 1
| #define ENABLE_NLS 1
| #define HAVE_GETTEXT 1
| #define HAVE_DCGETTEXT 1
| #define HAVE_DLFCN_H 1
| #define LT_OBJDIR ".libs/"
| #define BMP_RCPATH ".bmp"
| #define DEV_DSP "/dev/dsp"
| #define DEV_MIXER "/dev/mixer"
| /* end confdefs.h.  */
| #include <stdio.h>
| #ifdef HAVE_SYS_TYPES_H
| # include <sys/types.h>
| #endif
| #ifdef HAVE_SYS_STAT_H
| # include <sys/stat.h>
| #endif
| #ifdef STDC_HEADERS
| # include <stdlib.h>
| # include <stddef.h>
| #else
| # ifdef HAVE_STDLIB_H
| #  include <stdlib.h>
| # endif
| #endif
| #ifdef HAVE_STRING_H
| # if !defined STDC_HEADERS && defined HAVE_MEMORY_H
| #  include <memory.h>
| # endif
| # include <string.h>
| #endif
| #ifdef HAVE_STRINGS_H
| # include <strings.h>
| #endif
| #ifdef HAVE_INTTYPES_H
| # include <inttypes.h>
| #endif
| #ifdef HAVE_STDINT_H
| # include <stdint.h>
| #endif
| #ifdef HAVE_UNISTD_H
| # include <unistd.h>
| #endif
| #include <id3.h>
configure:17061: result: no
configure:17061: checking id3.h presence
configure:17061: gcc -E  conftest.c
conftest.c:78:10: fatal error: id3.h: No such file or directory
 #include <id3.h>
          ^~~~~~~
compilation terminated.
configure:17061: $? = 1
configure: failed program was:
| /* confdefs.h */
| #define PACKAGE_NAME "bmp"
| #define PACKAGE_TARNAME "bmp"
| #define PACKAGE_VERSION "0.9.7.1"
| #define PACKAGE_STRING "bmp 0.9.7.1"
| #define PACKAGE_BUGREPORT ""
| #define PACKAGE_URL ""
| #define PACKAGE "bmp"
| #define VERSION "0.9.7.1"
| #define STDC_HEADERS 1
| #define HAVE_SYS_TYPES_H 1
| #define HAVE_SYS_STAT_H 1
| #define HAVE_STDLIB_H 1
| #define HAVE_STRING_H 1
| #define HAVE_MEMORY_H 1
| #define HAVE_STRINGS_H 1
| #define HAVE_INTTYPES_H 1
| #define HAVE_STDINT_H 1
| #define HAVE_UNISTD_H 1
| #define HAVE_ALLOCA_H 1
| #define HAVE_ALLOCA 1
| #define HAVE_STDLIB_H 1
| #define HAVE_UNISTD_H 1
| #define HAVE_SYS_PARAM_H 1
| #define HAVE_GETPAGESIZE 1
| #define HAVE_MMAP 1
| #define INTDIV0_RAISES_SIGFPE 1
| #define HAVE_INTTYPES_H_WITH_UINTMAX 1
| #define HAVE_STDINT_H_WITH_UINTMAX 1
| #define HAVE_UNSIGNED_LONG_LONG 1
| #define HAVE_UINTMAX_T 1
| #define HAVE_INTTYPES_H 1
| #define HAVE_ARGZ_H 1
| #define HAVE_LIMITS_H 1
| #define HAVE_LOCALE_H 1
| #define HAVE_NL_TYPES_H 1
| #define HAVE_MALLOC_H 1
| #define HAVE_STDDEF_H 1
| #define HAVE_STDLIB_H 1
| #define HAVE_STRING_H 1
| #define HAVE_UNISTD_H 1
| #define HAVE_SYS_PARAM_H 1
| #define HAVE_FEOF_UNLOCKED 1
| #define HAVE_FGETS_UNLOCKED 1
| #define HAVE_GETC_UNLOCKED 1
| #define HAVE_GETCWD 1
| #define HAVE_GETEGID 1
| #define HAVE_GETEUID 1
| #define HAVE_GETGID 1
| #define HAVE_GETUID 1
| #define HAVE_MEMPCPY 1
| #define HAVE_MUNMAP 1
| #define HAVE_PUTENV 1
| #define HAVE_SETENV 1
| #define HAVE_SETLOCALE 1
| #define HAVE_STPCPY 1
| #define HAVE_STRCASECMP 1
| #define HAVE_STRDUP 1
| #define HAVE_STRTOUL 1
| #define HAVE_TSEARCH 1
| #define HAVE___ARGZ_COUNT 1
| #define HAVE___ARGZ_STRINGIFY 1
| #define HAVE___ARGZ_NEXT 1
| #define HAVE___FSETLOCKING 1
| #define HAVE_ICONV 1
| #define ICONV_CONST 
| #define HAVE_LANGINFO_CODESET 1
| #define HAVE_LC_MESSAGES 1
| #define ENABLE_NLS 1
| #define HAVE_GETTEXT 1
| #define HAVE_DCGETTEXT 1
| #define HAVE_DLFCN_H 1
| #define LT_OBJDIR ".libs/"
| #define BMP_RCPATH ".bmp"
| #define DEV_DSP "/dev/dsp"
| #define DEV_MIXER "/dev/mixer"
| /* end confdefs.h.  */
| #include <id3.h>
configure:17061: result: no
configure:17061: checking for id3.h
configure:17061: result: no
configure:17227: checking for ogg >= 1.0 vorbis >= 1.0 vorbisfile >= 1.0
configure:17231: result: yes
configure:17235: checking OGG_VORBIS_CFLAGS
configure:17238: result: 
configure:17241: checking OGG_VORBIS_LIBS
configure:17244: result: -logg -lvorbis -lvorbisfile
configure:17298: checking for OSS include dir
configure:17315: result: not found
configure:17322: checking sys/soundcard.h usability
configure:17322: gcc -c -g -O2   conftest.c >&5
configure:17322: $? = 0
configure:17322: result: yes
configure:17322: checking sys/soundcard.h presence
configure:17322: gcc -E  conftest.c
configure:17322: $? = 0
configure:17322: result: yes
configure:17322: checking for sys/soundcard.h
configure:17322: result: yes
configure:17334: checking machine/soundcard.h usability
configure:17334: gcc -c -g -O2   conftest.c >&5
conftest.c:112:10: fatal error: machine/soundcard.h: No such file or directory
 #include <machine/soundcard.h>
          ^~~~~~~~~~~~~~~~~~~~~
compilation terminated.
configure:17334: $? = 1
configure: failed program was:
| /* confdefs.h */
| #define PACKAGE_NAME "bmp"
| #define PACKAGE_TARNAME "bmp"
| #define PACKAGE_VERSION "0.9.7.1"
| #define PACKAGE_STRING "bmp 0.9.7.1"
| #define PACKAGE_BUGREPORT ""
| #define PACKAGE_URL ""
| #define PACKAGE "bmp"
| #define VERSION "0.9.7.1"
| #define STDC_HEADERS 1
| #define HAVE_SYS_TYPES_H 1
| #define HAVE_SYS_STAT_H 1
| #define HAVE_STDLIB_H 1
| #define HAVE_STRING_H 1
| #define HAVE_MEMORY_H 1
| #define HAVE_STRINGS_H 1
| #define HAVE_INTTYPES_H 1
| #define HAVE_STDINT_H 1
| #define HAVE_UNISTD_H 1
| #define HAVE_ALLOCA_H 1
| #define HAVE_ALLOCA 1
| #define HAVE_STDLIB_H 1
| #define HAVE_UNISTD_H 1
| #define HAVE_SYS_PARAM_H 1
| #define HAVE_GETPAGESIZE 1
| #define HAVE_MMAP 1
| #define INTDIV0_RAISES_SIGFPE 1
| #define HAVE_INTTYPES_H_WITH_UINTMAX 1
| #define HAVE_STDINT_H_WITH_UINTMAX 1
| #define HAVE_UNSIGNED_LONG_LONG 1
| #define HAVE_UINTMAX_T 1
| #define HAVE_INTTYPES_H 1
| #define HAVE_ARGZ_H 1
| #define HAVE_LIMITS_H 1
| #define HAVE_LOCALE_H 1
| #define HAVE_NL_TYPES_H 1
| #define HAVE_MALLOC_H 1
| #define HAVE_STDDEF_H 1
| #define HAVE_STDLIB_H 1
| #define HAVE_STRING_H 1
| #define HAVE_UNISTD_H 1
| #define HAVE_SYS_PARAM_H 1
| #define HAVE_FEOF_UNLOCKED 1
| #define HAVE_FGETS_UNLOCKED 1
| #define HAVE_GETC_UNLOCKED 1
| #define HAVE_GETCWD 1
| #define HAVE_GETEGID 1
| #define HAVE_GETEUID 1
| #define HAVE_GETGID 1
| #define HAVE_GETUID 1
| #define HAVE_MEMPCPY 1
| #define HAVE_MUNMAP 1
| #define HAVE_PUTENV 1
| #define HAVE_SETENV 1
| #define HAVE_SETLOCALE 1
| #define HAVE_STPCPY 1
| #define HAVE_STRCASECMP 1
| #define HAVE_STRDUP 1
| #define HAVE_STRTOUL 1
| #define HAVE_TSEARCH 1
| #define HAVE___ARGZ_COUNT 1
| #define HAVE___ARGZ_STRINGIFY 1
| #define HAVE___ARGZ_NEXT 1
| #define HAVE___FSETLOCKING 1
| #define HAVE_ICONV 1
| #define ICONV_CONST 
| #define HAVE_LANGINFO_CODESET 1
| #define HAVE_LC_MESSAGES 1
| #define ENABLE_NLS 1
| #define HAVE_GETTEXT 1
| #define HAVE_DCGETTEXT 1
| #define HAVE_DLFCN_H 1
| #define LT_OBJDIR ".libs/"
| #define BMP_RCPATH ".bmp"
| #define DEV_DSP "/dev/dsp"
| #define DEV_MIXER "/dev/mixer"
| #define HAVE_SYS_SOUNDCARD_H 1
| /* end confdefs.h.  */
| #include <stdio.h>
| #ifdef HAVE_SYS_TYPES_H
| # include <sys/types.h>
| #endif
| #ifdef HAVE_SYS_STAT_H
| # include <sys/stat.h>
| #endif
| #ifdef STDC_HEADERS
| # include <stdlib.h>
| # include <stddef.h>
| #else
| # ifdef HAVE_STDLIB_H
| #  include <stdlib.h>
| # endif
| #endif
| #ifdef HAVE_STRING_H
| # if !defined STDC_HEADERS && defined HAVE_MEMORY_H
| #  include <memory.h>
| # endif
| # include <string.h>
| #endif
| #ifdef HAVE_STRINGS_H
| # include <strings.h>
| #endif
| #ifdef HAVE_INTTYPES_H
| # include <inttypes.h>
| #endif
| #ifdef HAVE_STDINT_H
| # include <stdint.h>
| #endif
| #ifdef HAVE_UNISTD_H
| # include <unistd.h>
| #endif
| #include <machine/soundcard.h>
configure:17334: result: no
configure:17334: checking machine/soundcard.h presence
configure:17334: gcc -E  conftest.c
conftest.c:79:10: fatal error: machine/soundcard.h: No such file or directory
 #include <machine/soundcard.h>
          ^~~~~~~~~~~~~~~~~~~~~
compilation terminated.
configure:17334: $? = 1
configure: failed program was:
| /* confdefs.h */
| #define PACKAGE_NAME "bmp"
| #define PACKAGE_TARNAME "bmp"
| #define PACKAGE_VERSION "0.9.7.1"
| #define PACKAGE_STRING "bmp 0.9.7.1"
| #define PACKAGE_BUGREPORT ""
| #define PACKAGE_URL ""
| #define PACKAGE "bmp"
| #define VERSION "0.9.7.1"
| #define STDC_HEADERS 1
| #define HAVE_SYS_TYPES_H 1
| #define HAVE_SYS_STAT_H 1
| #define HAVE_STDLIB_H 1
| #define HAVE_STRING_H 1
| #define HAVE_MEMORY_H 1
| #define HAVE_STRINGS_H 1
| #define HAVE_INTTYPES_H 1
| #define HAVE_STDINT_H 1
| #define HAVE_UNISTD_H 1
| #define HAVE_ALLOCA_H 1
| #define HAVE_ALLOCA 1
| #define HAVE_STDLIB_H 1
| #define HAVE_UNISTD_H 1
| #define HAVE_SYS_PARAM_H 1
| #define HAVE_GETPAGESIZE 1
| #define HAVE_MMAP 1
| #define INTDIV0_RAISES_SIGFPE 1
| #define HAVE_INTTYPES_H_WITH_UINTMAX 1
| #define HAVE_STDINT_H_WITH_UINTMAX 1
| #define HAVE_UNSIGNED_LONG_LONG 1
| #define HAVE_UINTMAX_T 1
| #define HAVE_INTTYPES_H 1
| #define HAVE_ARGZ_H 1
| #define HAVE_LIMITS_H 1
| #define HAVE_LOCALE_H 1
| #define HAVE_NL_TYPES_H 1
| #define HAVE_MALLOC_H 1
| #define HAVE_STDDEF_H 1
| #define HAVE_STDLIB_H 1
| #define HAVE_STRING_H 1
| #define HAVE_UNISTD_H 1
| #define HAVE_SYS_PARAM_H 1
| #define HAVE_FEOF_UNLOCKED 1
| #define HAVE_FGETS_UNLOCKED 1
| #define HAVE_GETC_UNLOCKED 1
| #define HAVE_GETCWD 1
| #define HAVE_GETEGID 1
| #define HAVE_GETEUID 1
| #define HAVE_GETGID 1
| #define HAVE_GETUID 1
| #define HAVE_MEMPCPY 1
| #define HAVE_MUNMAP 1
| #define HAVE_PUTENV 1
| #define HAVE_SETENV 1
| #define HAVE_SETLOCALE 1
| #define HAVE_STPCPY 1
| #define HAVE_STRCASECMP 1
| #define HAVE_STRDUP 1
| #define HAVE_STRTOUL 1
| #define HAVE_TSEARCH 1
| #define HAVE___ARGZ_COUNT 1
| #define HAVE___ARGZ_STRINGIFY 1
| #define HAVE___ARGZ_NEXT 1
| #define HAVE___FSETLOCKING 1
| #define HAVE_ICONV 1
| #define ICONV_CONST 
| #define HAVE_LANGINFO_CODESET 1
| #define HAVE_LC_MESSAGES 1
| #define ENABLE_NLS 1
| #define HAVE_GETTEXT 1
| #define HAVE_DCGETTEXT 1
| #define HAVE_DLFCN_H 1
| #define LT_OBJDIR ".libs/"
| #define BMP_RCPATH ".bmp"
| #define DEV_DSP "/dev/dsp"
| #define DEV_MIXER "/dev/mixer"
| #define HAVE_SYS_SOUNDCARD_H 1
| /* end confdefs.h.  */
| #include <machine/soundcard.h>
configure:17334: result: no
configure:17334: checking for machine/soundcard.h
configure:17334: result: no
configure:17435: checking for alsa >= 1.0
configure:17495: checking for FreeBSD newpcm driver
configure:17512: result: no
configure:17524: checking linux/cdrom.h usability
configure:17524: gcc -c -g -O2  conftest.c >&5
configure:17524: $? = 0
configure:17524: result: yes
configure:17524: checking linux/cdrom.h presence
configure:17524: gcc -E  conftest.c
configure:17524: $? = 0
configure:17524: result: yes
configure:17524: checking for linux/cdrom.h
configure:17524: result: yes
configure:17536: checking sys/cdio.h usability
configure:17536: gcc -c -g -O2  conftest.c >&5
conftest.c:114:10: fatal error: sys/cdio.h: No such file or directory
 #include <sys/cdio.h>
          ^~~~~~~~~~~~
compilation terminated.
configure:17536: $? = 1
configure: failed program was:
| /* confdefs.h */
| #define PACKAGE_NAME "bmp"
| #define PACKAGE_TARNAME "bmp"
| #define PACKAGE_VERSION "0.9.7.1"
| #define PACKAGE_STRING "bmp 0.9.7.1"
| #define PACKAGE_BUGREPORT ""
| #define PACKAGE_URL ""
| #define PACKAGE "bmp"
| #define VERSION "0.9.7.1"
| #define STDC_HEADERS 1
| #define HAVE_SYS_TYPES_H 1
| #define HAVE_SYS_STAT_H 1
| #define HAVE_STDLIB_H 1
| #define HAVE_STRING_H 1
| #define HAVE_MEMORY_H 1
| #define HAVE_STRINGS_H 1
| #define HAVE_INTTYPES_H 1
| #define HAVE_STDINT_H 1
| #define HAVE_UNISTD_H 1
| #define HAVE_ALLOCA_H 1
| #define HAVE_ALLOCA 1
| #define HAVE_STDLIB_H 1
| #define HAVE_UNISTD_H 1
| #define HAVE_SYS_PARAM_H 1
| #define HAVE_GETPAGESIZE 1
| #define HAVE_MMAP 1
| #define INTDIV0_RAISES_SIGFPE 1
| #define HAVE_INTTYPES_H_WITH_UINTMAX 1
| #define HAVE_STDINT_H_WITH_UINTMAX 1
| #define HAVE_UNSIGNED_LONG_LONG 1
| #define HAVE_UINTMAX_T 1
| #define HAVE_INTTYPES_H 1
| #define HAVE_ARGZ_H 1
| #define HAVE_LIMITS_H 1
| #define HAVE_LOCALE_H 1
| #define HAVE_NL_TYPES_H 1
| #define HAVE_MALLOC_H 1
| #define HAVE_STDDEF_H 1
| #define HAVE_STDLIB_H 1
| #define HAVE_STRING_H 1
| #define HAVE_UNISTD_H 1
| #define HAVE_SYS_PARAM_H 1
| #define HAVE_FEOF_UNLOCKED 1
| #define HAVE_FGETS_UNLOCKED 1
| #define HAVE_GETC_UNLOCKED 1
| #define HAVE_GETCWD 1
| #define HAVE_GETEGID 1
| #define HAVE_GETEUID 1
| #define HAVE_GETGID 1
| #define HAVE_GETUID 1
| #define HAVE_MEMPCPY 1
| #define HAVE_MUNMAP 1
| #define HAVE_PUTENV 1
| #define HAVE_SETENV 1
| #define HAVE_SETLOCALE 1
| #define HAVE_STPCPY 1
| #define HAVE_STRCASECMP 1
| #define HAVE_STRDUP 1
| #define HAVE_STRTOUL 1
| #define HAVE_TSEARCH 1
| #define HAVE___ARGZ_COUNT 1
| #define HAVE___ARGZ_STRINGIFY 1
| #define HAVE___ARGZ_NEXT 1
| #define HAVE___FSETLOCKING 1
| #define HAVE_ICONV 1
| #define ICONV_CONST 
| #define HAVE_LANGINFO_CODESET 1
| #define HAVE_LC_MESSAGES 1
| #define ENABLE_NLS 1
| #define HAVE_GETTEXT 1
| #define HAVE_DCGETTEXT 1
| #define HAVE_DLFCN_H 1
| #define LT_OBJDIR ".libs/"
| #define BMP_RCPATH ".bmp"
| #define DEV_DSP "/dev/dsp"
| #define DEV_MIXER "/dev/mixer"
| #define HAVE_SYS_SOUNDCARD_H 1
| #define HAVE_OSS 1
| #define HAVE_LINUX_CDROM_H 1
| /* end confdefs.h.  */
| #include <stdio.h>
| #ifdef HAVE_SYS_TYPES_H
| # include <sys/types.h>
| #endif
| #ifdef HAVE_SYS_STAT_H
| # include <sys/stat.h>
| #endif
| #ifdef STDC_HEADERS
| # include <stdlib.h>
| # include <stddef.h>
| #else
| # ifdef HAVE_STDLIB_H
| #  include <stdlib.h>
| # endif
| #endif
| #ifdef HAVE_STRING_H
| # if !defined STDC_HEADERS && defined HAVE_MEMORY_H
| #  include <memory.h>
| # endif
| # include <string.h>
| #endif
| #ifdef HAVE_STRINGS_H
| # include <strings.h>
| #endif
| #ifdef HAVE_INTTYPES_H
| # include <inttypes.h>
| #endif
| #ifdef HAVE_STDINT_H
| # include <stdint.h>
| #endif
| #ifdef HAVE_UNISTD_H
| # include <unistd.h>
| #endif
| #include <sys/cdio.h>
configure:17536: result: no
configure:17536: checking sys/cdio.h presence
configure:17536: gcc -E  conftest.c
conftest.c:81:10: fatal error: sys/cdio.h: No such file or directory
 #include <sys/cdio.h>
          ^~~~~~~~~~~~
compilation terminated.
configure:17536: $? = 1
configure: failed program was:
| /* confdefs.h */
| #define PACKAGE_NAME "bmp"
| #define PACKAGE_TARNAME "bmp"
| #define PACKAGE_VERSION "0.9.7.1"
| #define PACKAGE_STRING "bmp 0.9.7.1"
| #define PACKAGE_BUGREPORT ""
| #define PACKAGE_URL ""
| #define PACKAGE "bmp"
| #define VERSION "0.9.7.1"
| #define STDC_HEADERS 1
| #define HAVE_SYS_TYPES_H 1
| #define HAVE_SYS_STAT_H 1
| #define HAVE_STDLIB_H 1
| #define HAVE_STRING_H 1
| #define HAVE_MEMORY_H 1
| #define HAVE_STRINGS_H 1
| #define HAVE_INTTYPES_H 1
| #define HAVE_STDINT_H 1
| #define HAVE_UNISTD_H 1
| #define HAVE_ALLOCA_H 1
| #define HAVE_ALLOCA 1
| #define HAVE_STDLIB_H 1
| #define HAVE_UNISTD_H 1
| #define HAVE_SYS_PARAM_H 1
| #define HAVE_GETPAGESIZE 1
| #define HAVE_MMAP 1
| #define INTDIV0_RAISES_SIGFPE 1
| #define HAVE_INTTYPES_H_WITH_UINTMAX 1
| #define HAVE_STDINT_H_WITH_UINTMAX 1
| #define HAVE_UNSIGNED_LONG_LONG 1
| #define HAVE_UINTMAX_T 1
| #define HAVE_INTTYPES_H 1
| #define HAVE_ARGZ_H 1
| #define HAVE_LIMITS_H 1
| #define HAVE_LOCALE_H 1
| #define HAVE_NL_TYPES_H 1
| #define HAVE_MALLOC_H 1
| #define HAVE_STDDEF_H 1
| #define HAVE_STDLIB_H 1
| #define HAVE_STRING_H 1
| #define HAVE_UNISTD_H 1
| #define HAVE_SYS_PARAM_H 1
| #define HAVE_FEOF_UNLOCKED 1
| #define HAVE_FGETS_UNLOCKED 1
| #define HAVE_GETC_UNLOCKED 1
| #define HAVE_GETCWD 1
| #define HAVE_GETEGID 1
| #define HAVE_GETEUID 1
| #define HAVE_GETGID 1
| #define HAVE_GETUID 1
| #define HAVE_MEMPCPY 1
| #define HAVE_MUNMAP 1
| #define HAVE_PUTENV 1
| #define HAVE_SETENV 1
| #define HAVE_SETLOCALE 1
| #define HAVE_STPCPY 1
| #define HAVE_STRCASECMP 1
| #define HAVE_STRDUP 1
| #define HAVE_STRTOUL 1
| #define HAVE_TSEARCH 1
| #define HAVE___ARGZ_COUNT 1
| #define HAVE___ARGZ_STRINGIFY 1
| #define HAVE___ARGZ_NEXT 1
| #define HAVE___FSETLOCKING 1
| #define HAVE_ICONV 1
| #define ICONV_CONST 
| #define HAVE_LANGINFO_CODESET 1
| #define HAVE_LC_MESSAGES 1
| #define ENABLE_NLS 1
| #define HAVE_GETTEXT 1
| #define HAVE_DCGETTEXT 1
| #define HAVE_DLFCN_H 1
| #define LT_OBJDIR ".libs/"
| #define BMP_RCPATH ".bmp"
| #define DEV_DSP "/dev/dsp"
| #define DEV_MIXER "/dev/mixer"
| #define HAVE_SYS_SOUNDCARD_H 1
| #define HAVE_OSS 1
| #define HAVE_LINUX_CDROM_H 1
| /* end confdefs.h.  */
| #include <sys/cdio.h>
configure:17536: result: no
configure:17536: checking for sys/cdio.h
configure:17536: result: no
configure:17548: checking linux/joystick.h usability
configure:17548: gcc -c -g -O2  conftest.c >&5
configure:17548: $? = 0
configure:17548: result: yes
configure:17548: checking linux/joystick.h presence
configure:17548: gcc -E  conftest.c
configure:17548: $? = 0
configure:17548: result: yes
configure:17548: checking for linux/joystick.h
configure:17548: result: yes
configure:17560: checking for unistd.h
configure:17560: result: yes
configure:17572: checking fcntl.h usability
configure:17572: gcc -c -g -O2  conftest.c >&5
configure:17572: $? = 0
configure:17572: result: yes
configure:17572: checking fcntl.h presence
configure:17572: gcc -E  conftest.c
configure:17572: $? = 0
configure:17572: result: yes
configure:17572: checking for fcntl.h
configure:17572: result: yes
configure:17584: checking sys/ioctl.h usability
configure:17584: gcc -c -g -O2  conftest.c >&5
configure:17584: $? = 0
configure:17584: result: yes
configure:17584: checking sys/ioctl.h presence
configure:17584: gcc -E  conftest.c
configure:17584: $? = 0
configure:17584: result: yes
configure:17584: checking for sys/ioctl.h
configure:17584: result: yes
configure:17596: checking fnmatch.h usability
configure:17596: gcc -c -g -O2  conftest.c >&5
configure:17596: $? = 0
configure:17596: result: yes
configure:17596: checking fnmatch.h presence
configure:17596: gcc -E  conftest.c
configure:17596: $? = 0
configure:17596: result: yes
configure:17596: checking for fnmatch.h
configure:17596: result: yes
configure:17608: checking for limits.h
configure:17608: result: yes
configure:17620: checking wchar.h usability
configure:17620: gcc -c -g -O2  conftest.c >&5
configure:17620: $? = 0
configure:17620: result: yes
configure:17620: checking wchar.h presence
configure:17620: gcc -E  conftest.c
configure:17620: $? = 0
configure:17620: result: yes
configure:17620: checking for wchar.h
configure:17620: result: yes
configure:17632: checking fts.h usability
configure:17632: gcc -c -g -O2  conftest.c >&5
configure:17632: $? = 0
configure:17632: result: yes
configure:17632: checking fts.h presence
configure:17632: gcc -E  conftest.c
configure:17632: $? = 0
configure:17632: result: yes
configure:17632: checking for fts.h
configure:17632: result: yes
configure:17645: checking for mkdtemp
configure:17645: gcc -o conftest -g -O2   conftest.c  >&5
configure:17645: $? = 0
configure:17645: result: yes
configure:17656: checking for getmntinfo
configure:17656: gcc -o conftest -g -O2   conftest.c  >&5
/tmp/ccARRsaj.o: In function `main':
/home/redlegion/eclipse-workspace/bmp/conftest.c:124: undefined reference to `getmntinfo'
collect2: error: ld returned 1 exit status
configure:17656: $? = 1
configure: failed program was:
| /* confdefs.h */
| #define PACKAGE_NAME "bmp"
| #define PACKAGE_TARNAME "bmp"
| #define PACKAGE_VERSION "0.9.7.1"
| #define PACKAGE_STRING "bmp 0.9.7.1"
| #define PACKAGE_BUGREPORT ""
| #define PACKAGE_URL ""
| #define PACKAGE "bmp"
| #define VERSION "0.9.7.1"
| #define STDC_HEADERS 1
| #define HAVE_SYS_TYPES_H 1
| #define HAVE_SYS_STAT_H 1
| #define HAVE_STDLIB_H 1
| #define HAVE_STRING_H 1
| #define HAVE_MEMORY_H 1
| #define HAVE_STRINGS_H 1
| #define HAVE_INTTYPES_H 1
| #define HAVE_STDINT_H 1
| #define HAVE_UNISTD_H 1
| #define HAVE_ALLOCA_H 1
| #define HAVE_ALLOCA 1
| #define HAVE_STDLIB_H 1
| #define HAVE_UNISTD_H 1
| #define HAVE_SYS_PARAM_H 1
| #define HAVE_GETPAGESIZE 1
| #define HAVE_MMAP 1
| #define INTDIV0_RAISES_SIGFPE 1
| #define HAVE_INTTYPES_H_WITH_UINTMAX 1
| #define HAVE_STDINT_H_WITH_UINTMAX 1
| #define HAVE_UNSIGNED_LONG_LONG 1
| #define HAVE_UINTMAX_T 1
| #define HAVE_INTTYPES_H 1
| #define HAVE_ARGZ_H 1
| #define HAVE_LIMITS_H 1
| #define HAVE_LOCALE_H 1
| #define HAVE_NL_TYPES_H 1
| #define HAVE_MALLOC_H 1
| #define HAVE_STDDEF_H 1
| #define HAVE_STDLIB_H 1
| #define HAVE_STRING_H 1
| #define HAVE_UNISTD_H 1
| #define HAVE_SYS_PARAM_H 1
| #define HAVE_FEOF_UNLOCKED 1
| #define HAVE_FGETS_UNLOCKED 1
| #define HAVE_GETC_UNLOCKED 1
| #define HAVE_GETCWD 1
| #define HAVE_GETEGID 1
| #define HAVE_GETEUID 1
| #define HAVE_GETGID 1
| #define HAVE_GETUID 1
| #define HAVE_MEMPCPY 1
| #define HAVE_MUNMAP 1
| #define HAVE_PUTENV 1
| #define HAVE_SETENV 1
| #define HAVE_SETLOCALE 1
| #define HAVE_STPCPY 1
| #define HAVE_STRCASECMP 1
| #define HAVE_STRDUP 1
| #define HAVE_STRTOUL 1
| #define HAVE_TSEARCH 1
| #define HAVE___ARGZ_COUNT 1
| #define HAVE___ARGZ_STRINGIFY 1
| #define HAVE___ARGZ_NEXT 1
| #define HAVE___FSETLOCKING 1
| #define HAVE_ICONV 1
| #define ICONV_CONST 
| #define HAVE_LANGINFO_CODESET 1
| #define HAVE_LC_MESSAGES 1
| #define ENABLE_NLS 1
| #define HAVE_GETTEXT 1
| #define HAVE_DCGETTEXT 1
| #define HAVE_DLFCN_H 1
| #define LT_OBJDIR ".libs/"
| #define BMP_RCPATH ".bmp"
| #define DEV_DSP "/dev/dsp"
| #define DEV_MIXER "/dev/mixer"
| #define HAVE_SYS_SOUNDCARD_H 1
| #define HAVE_OSS 1
| #define HAVE_LINUX_CDROM_H 1
| #define HAVE_LINUX_JOYSTICK_H 1
| #define HAVE_UNISTD_H 1
| #define HAVE_FCNTL_H 1
| #define HAVE_SYS_IOCTL_H 1
| #define HAVE_FNMATCH_H 1
| #define HAVE_LIMITS_H 1
| #define HAVE_WCHAR_H 1
| #define HAVE_FTS_H 1
| #define HAVE_MKDTEMP 1
| /* end confdefs.h.  */
| /* Define getmntinfo to an innocuous variant, in case <limits.h> declares getmntinfo.
|    For example, HP-UX 11i <limits.h> declares gettimeofday.  */
| #define getmntinfo innocuous_getmntinfo
| 
| /* System header to define __stub macros and hopefully few prototypes,
|     which can conflict with char getmntinfo (); below.
|     Prefer <limits.h> to <assert.h> if __STDC__ is defined, since
|     <limits.h> exists even on freestanding compilers.  */
| 
| #ifdef __STDC__
| # include <limits.h>
| #else
| # include <assert.h>
| #endif
| 
| #undef getmntinfo
| 
| /* Override any GCC internal prototype to avoid an error.
|    Use char because int might match the return type of a GCC
|    builtin and then its argument prototype would still apply.  */
| #ifdef __cplusplus
| extern "C"
| #endif
| char getmntinfo ();
| /* The GNU C library defines this for functions which it implements
|     to always fail with ENOSYS.  Some functions are actually named
|     something starting with __ and the normal name is an alias.  */
| #if defined __stub_getmntinfo || defined __stub___getmntinfo
| choke me
| #endif
| 
| int
| main ()
| {
| return getmntinfo ();
|   ;
|   return 0;
| }
configure:17656: result: no
configure:17667: checking for strtoul
configure:17667: result: yes
configure:17745: checking if __ELF__ is defined
configure:17763: result: yes
configure:18002: checking that generated files are newer than configure
configure:18008: result: done
configure:18092: creating ./config.status

## ---------------------- ##
## Running config.status. ##
## ---------------------- ##

This file was extended by bmp config.status 0.9.7.1, which was
generated by GNU Autoconf 2.69.  Invocation command line was

  CONFIG_FILES    = 
  CONFIG_HEADERS  = 
  CONFIG_LINKS    = 
  CONFIG_COMMANDS = 
  $ ./config.status 

on qhell

config.status:1296: creating Makefile
config.status:1296: creating beep-media-player.1
config.status:1404: WARNING:  'beep-media-player.1.in' seems to ignore the --datarootdir setting
config.status:1296: creating bmp.spec
config.status:1296: creating bmp.pc
config.status:1404: WARNING:  'bmp.pc.in' seems to ignore the --datarootdir setting
config.status:1296: creating beep/bmp.desktop
config.status:1296: creating beep/Makefile
config.status:1296: creating beep/glade/Makefile
config.status:1296: creating beep/images/Makefile
config.status:1296: creating libbeep/Makefile
config.status:1296: creating Output/Makefile
config.status:1296: creating Output/OSS/Makefile
config.status:1296: creating Output/esd/Makefile
config.status:1296: creating Output/alsa/Makefile
config.status:1296: creating Input/Makefile
config.status:1296: creating Input/mpg123/Makefile
config.status:1296: creating Input/vorbis/Makefile
config.status:1296: creating Input/cdaudio/Makefile
config.status:1296: creating Input/wav/Makefile
config.status:1296: creating Visualization/Makefile
config.status:1296: creating Visualization/blur_scope/Makefile
config.status:1296: creating po/Makefile.in
config.status:1404: WARNING:  'po/Makefile.in.in' seems to ignore the --datarootdir setting
config.status:1296: creating intl/Makefile
config.status:1404: WARNING:  'intl/Makefile.in' seems to ignore the --datarootdir setting
config.status:1296: creating icons/Makefile
config.status:1296: creating skin/Makefile
config.status:1296: creating config.h
config.status:1477: config.h is unchanged
config.status:1525: executing default-1 commands
config.status:1525: executing depfiles commands
config.status:1525: executing libtool commands

## ---------------- ##
## Cache variables. ##
## ---------------- ##

ac_cv_build=x86_64-pc-linux-gnu
ac_cv_c_bigendian=no
ac_cv_c_compiler_gnu=yes
ac_cv_c_const=yes
ac_cv_c_inline=inline
ac_cv_env_CCASFLAGS_set=
ac_cv_env_CCASFLAGS_value=
ac_cv_env_CCAS_set=
ac_cv_env_CCAS_value=
ac_cv_env_CC_set=
ac_cv_env_CC_value=
ac_cv_env_CFLAGS_set=
ac_cv_env_CFLAGS_value=
ac_cv_env_CPPFLAGS_set=
ac_cv_env_CPPFLAGS_value=
ac_cv_env_CPP_set=
ac_cv_env_CPP_value=
ac_cv_env_LDFLAGS_set=
ac_cv_env_LDFLAGS_value=
ac_cv_env_LIBS_set=
ac_cv_env_LIBS_value=
ac_cv_env_LT_SYS_LIBRARY_PATH_set=
ac_cv_env_LT_SYS_LIBRARY_PATH_value=
ac_cv_env_XMKMF_set=
ac_cv_env_XMKMF_value=
ac_cv_env_build_alias_set=
ac_cv_env_build_alias_value=
ac_cv_env_host_alias_set=
ac_cv_env_host_alias_value=
ac_cv_env_target_alias_set=
ac_cv_env_target_alias_value=
ac_cv_func___argz_count=yes
ac_cv_func___argz_next=yes
ac_cv_func___argz_stringify=yes
ac_cv_func___fsetlocking=yes
ac_cv_func_alloca_works=yes
ac_cv_func_connect=yes
ac_cv_func_feof_unlocked=yes
ac_cv_func_fgets_unlocked=yes
ac_cv_func_getc_unlocked=yes
ac_cv_func_getcwd=yes
ac_cv_func_getegid=yes
ac_cv_func_geteuid=yes
ac_cv_func_getgid=yes
ac_cv_func_gethostbyname=yes
ac_cv_func_getmntinfo=no
ac_cv_func_getpagesize=yes
ac_cv_func_getuid=yes
ac_cv_func_mempcpy=yes
ac_cv_func_mkdtemp=yes
ac_cv_func_mmap_fixed_mapped=yes
ac_cv_func_munmap=yes
ac_cv_func_putenv=yes
ac_cv_func_remove=yes
ac_cv_func_setenv=yes
ac_cv_func_setlocale=yes
ac_cv_func_shmat=yes
ac_cv_func_stpcpy=yes
ac_cv_func_strcasecmp=yes
ac_cv_func_strdup=yes
ac_cv_func_strtoul=yes
ac_cv_func_tsearch=yes
ac_cv_gnu_library_2_1=yes
ac_cv_have_x='have_x=yes	ac_x_includes='\'''\''	ac_x_libraries='\'''\'''
ac_cv_header_argz_h=yes
ac_cv_header_dlfcn_h=yes
ac_cv_header_fcntl_h=yes
ac_cv_header_fnmatch_h=yes
ac_cv_header_fts_h=yes
ac_cv_header_id3_h=no
ac_cv_header_inttypes_h=yes
ac_cv_header_limits_h=yes
ac_cv_header_linux_cdrom_h=yes
ac_cv_header_linux_joystick_h=yes
ac_cv_header_locale_h=yes
ac_cv_header_machine_soundcard_h=no
ac_cv_header_malloc_h=yes
ac_cv_header_memory_h=yes
ac_cv_header_nl_types_h=yes
ac_cv_header_stdc=yes
ac_cv_header_stddef_h=yes
ac_cv_header_stdint_h=yes
ac_cv_header_stdlib_h=yes
ac_cv_header_string_h=yes
ac_cv_header_strings_h=yes
ac_cv_header_sys_cdio_h=no
ac_cv_header_sys_ioctl_h=yes
ac_cv_header_sys_param_h=yes
ac_cv_header_sys_soundcard_h=yes
ac_cv_header_sys_stat_h=yes
ac_cv_header_sys_types_h=yes
ac_cv_header_unistd_h=yes
ac_cv_header_wchar_h=yes
ac_cv_host=x86_64-pc-linux-gnu
ac_cv_lib_ICE_IceConnectionNumber=yes
ac_cv_lib_cposix_strerror=no
ac_cv_objext=o
ac_cv_path_BEEP_PATH=/usr/local/bin/beep-media-player
ac_cv_path_EGREP='/bin/grep -E'
ac_cv_path_FGREP='/bin/grep -F'
ac_cv_path_GMSGFMT=/usr/bin/msgfmt
ac_cv_path_GREP=/bin/grep
ac_cv_path_MSGFMT=/usr/bin/msgfmt
ac_cv_path_MSGMERGE=/usr/bin/msgmerge
ac_cv_path_PKG_CONFIG=/usr/bin/pkg-config
ac_cv_path_SED=/bin/sed
ac_cv_path_XGETTEXT=/usr/bin/xgettext
ac_cv_path_install='/usr/bin/install -c'
ac_cv_path_lt_DD=/bin/dd
ac_cv_path_mkdir=/bin/mkdir
ac_cv_prog_AWK=gawk
ac_cv_prog_CPP='gcc -E'
ac_cv_prog_ac_ct_AR=ar
ac_cv_prog_ac_ct_CC=gcc
ac_cv_prog_ac_ct_MANIFEST_TOOL=mt
ac_cv_prog_ac_ct_OBJDUMP=objdump
ac_cv_prog_ac_ct_RANLIB=ranlib
ac_cv_prog_ac_ct_STRIP=strip
ac_cv_prog_cc_c89=
ac_cv_prog_cc_g=yes
ac_cv_prog_make_make_set=yes
ac_cv_target=x86_64-pc-linux-gnu
ac_cv_type_off_t=yes
ac_cv_type_size_t=yes
ac_cv_type_unsigned_long_long=yes
ac_cv_working_alloca_h=yes
acl_cv_hardcode_direct=no
acl_cv_hardcode_libdir_flag_spec='${wl}-rpath ${wl}$libdir'
acl_cv_hardcode_libdir_separator=
acl_cv_hardcode_minus_L=no
acl_cv_libext=a
acl_cv_path_LD=/usr/bin/ld
acl_cv_prog_gnu_ld=yes
acl_cv_rpath=done
acl_cv_shlibext=so
acl_cv_wl=-Wl,
am_cv_CCAS_dependencies_compiler_type=gcc3
am_cv_CC_dependencies_compiler_type=gcc3
am_cv_func_iconv=yes
am_cv_langinfo_codeset=yes
am_cv_lib_iconv=no
am_cv_make_support_nested_variables=yes
am_cv_prog_cc_c_o=yes
am_cv_proto_iconv='extern size_t iconv (iconv_t cd, char * *inbuf, size_t *inbytesleft, char * *outbuf, size_t *outbytesleft);'
am_cv_proto_iconv_arg1=
am_cv_val_LC_MESSAGES=yes
beep_cv_newpcm_driver=no
beep_cv_type_socklen_t=yes
gt_cv_func_gnugettext1_libc=yes
gt_cv_header_inttypes_h=yes
gt_cv_int_divbyzero_sigfpe=yes
gt_cv_inttypes_pri_broken=no
jm_ac_cv_header_inttypes_h=yes
jm_ac_cv_header_stdint_h=yes
lt_cv_ar_at_file=@
lt_cv_archive_cmds_need_lc=no
lt_cv_deplibs_check_method=pass_all
lt_cv_file_magic_cmd='$MAGIC_CMD'
lt_cv_file_magic_test_file=
lt_cv_ld_reload_flag=-r
lt_cv_nm_interface='BSD nm'
lt_cv_objdir=.libs
lt_cv_path_LD=/usr/bin/ld
lt_cv_path_NM='/usr/bin/nm -B'
lt_cv_path_mainfest_tool=no
lt_cv_prog_compiler_c_o=yes
lt_cv_prog_compiler_pic='-fPIC -DPIC'
lt_cv_prog_compiler_pic_works=yes
lt_cv_prog_compiler_rtti_exceptions=no
lt_cv_prog_compiler_static_works=yes
lt_cv_prog_gnu_ld=yes
lt_cv_sharedlib_from_linklib_cmd='printf %s\n'
lt_cv_shlibpath_overrides_runpath=yes
lt_cv_sys_global_symbol_pipe='sed -n -e '\''s/^.*[	 ]\([ABCDGIRSTW][ABCDGIRSTW]*\)[	 ][	 ]*\([_A-Za-z][_A-Za-z0-9]*\)$/\1 \2 \2/p'\'' | sed '\''/ __gnu_lto/d'\'''
lt_cv_sys_global_symbol_to_c_name_address='sed -n -e '\''s/^: \(.*\) .*$/  {"\1", (void *) 0},/p'\'' -e '\''s/^[ABCDGIRSTW][ABCDGIRSTW]* .* \(.*\)$/  {"\1", (void *) \&\1},/p'\'''
lt_cv_sys_global_symbol_to_c_name_address_lib_prefix='sed -n -e '\''s/^: \(.*\) .*$/  {"\1", (void *) 0},/p'\'' -e '\''s/^[ABCDGIRSTW][ABCDGIRSTW]* .* \(lib.*\)$/  {"\1", (void *) \&\1},/p'\'' -e '\''s/^[ABCDGIRSTW][ABCDGIRSTW]* .* \(.*\)$/  {"lib\1", (void *) \&\1},/p'\'''
lt_cv_sys_global_symbol_to_cdecl='sed -n -e '\''s/^T .* \(.*\)$/extern int \1();/p'\'' -e '\''s/^[ABCDGIRSTW][ABCDGIRSTW]* .* \(.*\)$/extern char \1;/p'\'''
lt_cv_sys_global_symbol_to_import=
lt_cv_sys_max_cmd_len=1572864
lt_cv_to_host_file_cmd=func_convert_file_noop
lt_cv_to_tool_file_cmd=func_convert_file_noop
lt_cv_truncate_bin='/bin/dd bs=4096 count=1'
nls_cv_force_use_gnu_gettext=no
nls_cv_header_intl=
nls_cv_header_libgt=
nls_cv_use_gnu_gettext=no

## ----------------- ##
## Output variables. ##
## ----------------- ##

ACLOCAL='aclocal-1.15'
ALLOCA=''
ALSA_CFLAGS=''
ALSA_LIBS=''
AMDEPBACKSLASH='\'
AMDEP_FALSE='#'
AMDEP_TRUE=''
AMTAR='$${TAR-tar}'
AM_BACKSLASH='\'
AM_DEFAULT_V='$(AM_DEFAULT_VERBOSITY)'
AM_DEFAULT_VERBOSITY='1'
AM_V='$(V)'
AR='ar'
ARCH_DEFINES=''
ARCH_X86_FALSE=''
ARCH_X86_TRUE='#'
AUTOCONF='autoconf'
AUTOHEADER='autoheader'
AUTOMAKE='automake-1.15'
AWK='gawk'
BEEP_DEFINES='-g -O2 -Wall -Wpointer-arith -finline-functions -ffast-math -funroll-all-loops -DDATA_DIR=\"${datarootdir}/bmp\" -DPLUGIN_DIR=\"${exec_prefix}/lib/bmp\" -DPLUGINSUBS=\"Output\",\"Input\",\"Effect\",\"General\",\"Visualization\" -DLOCALEDIR=\"${datarootdir}/locale\"'
BEEP_PATH='/usr/local/bin/beep-media-player'
BMP_RCPATH=''
BUILD_INCLUDED_LIBINTL='no'
CATOBJEXT='.gmo'
CC='gcc'
CCAS='gcc'
CCASDEPMODE='depmode=gcc3'
CCASFLAGS='-g -O2'
CCDEPMODE='depmode=gcc3'
CFLAGS='-g -O2 -Wall -Wpointer-arith -finline-functions -ffast-math -funroll-all-loops '
CPP='gcc -E'
CPPFLAGS=''
CYGPATH_W='echo'
DATADIRNAME='share'
DEFS='-DHAVE_CONFIG_H'
DEPDIR='.deps'
DLLTOOL='false'
DSYMUTIL=''
DUMPBIN=''
ECHO_C=''
ECHO_N='-n'
ECHO_T=''
EFFECT_PLUGINS='$(ALL_PLUGINS)'
EFFECT_PLUGIN_DIR='Effect'
EGREP='/bin/grep -E'
ENABLE_MPG123_FALSE='#'
ENABLE_MPG123_TRUE=''
ESD_CFLAGS=''
ESD_LIBS=''
EXEEXT=''
FGREP='/bin/grep -F'
GCONF_CFLAGS=''
GCONF_LIBS=''
GENCAT='gencat'
GENERAL_PLUGINS='$(ALL_PLUGINS)'
GENERAL_PLUGIN_DIR='General'
GLIBC21='yes'
GMSGFMT='/usr/bin/msgfmt'
GNOMEVFS_CFLAGS=''
GNOMEVFS_LIBS=''
GREP='/bin/grep'
GTK_CFLAGS='-pthread -I/usr/include/gtk-2.0 -I/usr/lib/x86_64-linux-gnu/gtk-2.0/include -I/usr/include/gio-unix-2.0/ -I/usr/include/cairo -I/usr/include/pango-1.0 -I/usr/include/atk-1.0 -I/usr/include/cairo -I/usr/include/pixman-1 -I/usr/include/libpng16 -I/usr/include/gdk-pixbuf-2.0 -I/usr/include/libpng16 -I/usr/include/pango-1.0 -I/usr/include/harfbuzz -I/usr/include/freetype2 -I/usr/include/pango-1.0 -I/usr/include/glib-2.0 -I/usr/lib/x86_64-linux-gnu/glib-2.0/include'
GTK_LIBS='-lgtk-x11-2.0 -lgdk-x11-2.0 -lpangocairo-1.0 -latk-1.0 -lcairo -lgdk_pixbuf-2.0 -lgio-2.0 -lpangoft2-1.0 -lfontconfig -lfreetype -lgthread-2.0 -pthread -lpango-1.0 -lgobject-2.0 -lglib-2.0'
HAVE_ALSA_FALSE=''
HAVE_ALSA_TRUE='#'
HAVE_CDROM_FALSE='#'
HAVE_CDROM_TRUE=''
HAVE_ESD_FALSE=''
HAVE_ESD_TRUE='#'
HAVE_GCONF_FALSE=''
HAVE_GCONF_TRUE='#'
HAVE_GNOME_VFS_FALSE=''
HAVE_GNOME_VFS_TRUE='#'
HAVE_LINUX_JOYSTICK_FALSE='#'
HAVE_LINUX_JOYSTICK_TRUE=''
HAVE_OGGVORBIS_FALSE='#'
HAVE_OGGVORBIS_TRUE=''
HAVE_OSS_FALSE='#'
HAVE_OSS_TRUE=''
HAVE_SOLARIS_FALSE=''
HAVE_SOLARIS_TRUE='#'
HAVE_SUN_FALSE=''
HAVE_SUN_TRUE='#'
ID3LIBS=''
INPUT_PLUGINS='$(ALL_PLUGINS)'
INPUT_PLUGIN_DIR='Input'
INSTALL_DATA='${INSTALL} -m 644'
INSTALL_PROGRAM='${INSTALL}'
INSTALL_SCRIPT='${INSTALL}'
INSTALL_STRIP_PROGRAM='$(install_sh) -c -s'
INSTOBJEXT='.mo'
INTLBISON=':'
INTLLIBS=''
INTLOBJS=''
INTL_LIBTOOL_SUFFIX_PREFIX=''
LD='/usr/bin/ld -m elf_x86_64'
LDFLAGS=''
LIBBEEP_MAJOR_VERSION='2'
LIBBEEP_MICRO_VERSION='0'
LIBBEEP_MINOR_VERSION='0'
LIBGLADE_CFLAGS='-pthread -I/usr/include/libglade-2.0 -I/usr/include/gtk-2.0 -I/usr/lib/x86_64-linux-gnu/gtk-2.0/include -I/usr/include/gio-unix-2.0/ -I/usr/include/cairo -I/usr/include/pango-1.0 -I/usr/include/atk-1.0 -I/usr/include/cairo -I/usr/include/pixman-1 -I/usr/include/libpng16 -I/usr/include/gdk-pixbuf-2.0 -I/usr/include/libpng16 -I/usr/include/pango-1.0 -I/usr/include/harfbuzz -I/usr/include/pango-1.0 -I/usr/include/glib-2.0 -I/usr/lib/x86_64-linux-gnu/glib-2.0/include -I/usr/include/freetype2 -I/usr/include/libxml2'
LIBGLADE_LIBS='-lglade-2.0 -lgtk-x11-2.0 -lgdk-x11-2.0 -lpangocairo-1.0 -latk-1.0 -lcairo -lgdk_pixbuf-2.0 -lgio-2.0 -lpangoft2-1.0 -lpango-1.0 -lgobject-2.0 -lglib-2.0 -lfontconfig -lfreetype -lxml2'
LIBICONV=''
LIBINTL=''
LIBOBJS=''
LIBS=''
LIBTOOL='$(SHELL) $(top_builddir)/libtool'
LIPO=''
LN_S='ln -s'
LTLIBICONV=''
LTLIBINTL=''
LTLIBOBJS=''
LT_SYS_LIBRARY_PATH=''
MAKEINFO='makeinfo'
MANIFEST_TOOL=':'
MKDIR_P='/bin/mkdir -p'
MKINSTALLDIRS='$(top_builddir)/./mkinstalldirs'
MSGFMT='/usr/bin/msgfmt'
MSGMERGE='/usr/bin/msgmerge'
NM='/usr/bin/nm -B'
NMEDIT=''
OBJDUMP='objdump'
OBJEXT='o'
OGG_VORBIS_CFLAGS=''
OGG_VORBIS_LIBS='-logg -lvorbis -lvorbisfile'
OTOOL64=''
OTOOL=''
OUTPUT_PLUGINS='$(ALL_PLUGINS)'
OUTPUT_PLUGIN_DIR='Output'
PACKAGE='bmp'
PACKAGE_BUGREPORT=''
PACKAGE_NAME='bmp'
PACKAGE_STRING='bmp 0.9.7.1'
PACKAGE_TARNAME='bmp'
PACKAGE_URL=''
PACKAGE_VERSION='0.9.7.1'
PATH_SEPARATOR=':'
PC_REQUIRES='glib-2.0 >= 2.4.0, gtk+-2.0 >= 2.4.0'
PKG_CONFIG='/usr/bin/pkg-config'
PLUGIN_LDFLAGS='-module -avoid-version -export-symbols-regex "get_.plugin_info"'
POSUB='po'
RANLIB='ranlib'
SED='/bin/sed'
SET_MAKE=''
SHELL='/bin/bash'
STRIP='strip'
USE_INCLUDED_LIBINTL='no'
USE_NLS='yes'
USE_SIMD_FALSE=''
USE_SIMD_TRUE='#'
USE_X86ASM_FALSE=''
USE_X86ASM_TRUE='#'
VERSION='0.9.7.1'
VISUALIZATION_PLUGINS='$(ALL_PLUGINS)'
VISUALIZATION_PLUGIN_DIR='Visualization'
XGETTEXT='/usr/bin/xgettext'
XMKMF=''
X_CFLAGS=''
X_EXTRA_LIBS=''
X_LIBS=''
X_PRE_LIBS=' -lSM -lICE'
ac_ct_AR='ar'
ac_ct_CC='gcc'
ac_ct_DUMPBIN=''
am__EXEEXT_FALSE=''
am__EXEEXT_TRUE='#'
am__fastdepCCAS_FALSE='#'
am__fastdepCCAS_TRUE=''
am__fastdepCC_FALSE='#'
am__fastdepCC_TRUE=''
am__include='include'
am__isrc=''
am__leading_dot='.'
am__nodep='_no'
am__quote=''
am__tar='$${TAR-tar} chof - "$$tardir"'
am__untar='$${TAR-tar} xf -'
beepdir=''
bindir='${exec_prefix}/bin'
build='x86_64-pc-linux-gnu'
build_alias=''
build_cpu='x86_64'
build_os='linux-gnu'
build_vendor='pc'
datadir='${datarootdir}'
datarootdir='${prefix}/share'
docdir='${datarootdir}/doc/${PACKAGE_TARNAME}'
dvidir='${docdir}'
exec_prefix='${prefix}'
host='x86_64-pc-linux-gnu'
host_alias=''
host_cpu='x86_64'
host_os='linux-gnu'
host_vendor='pc'
htmldir='${docdir}'
includedir='${prefix}/include'
infodir='${datarootdir}/info'
install_sh='${SHELL} /home/redlegion/eclipse-workspace/bmp/install-sh'
libdir='${exec_prefix}/lib'
libexecdir='${exec_prefix}/libexec'
localedir='${datarootdir}/locale'
localstatedir='${prefix}/var'
mandir='${datarootdir}/man'
mkdir_p='$(MKDIR_P)'
oldincludedir='/usr/include'
pdfdir='${docdir}'
plugindir='${exec_prefix}/lib/bmp'
pluginsubs='\"Output\",\"Input\",\"Effect\",\"General\",\"Visualization\"'
prefix='/usr/local'
program_transform_name='s,x,x,'
psdir='${docdir}'
runstatedir='${localstatedir}/run'
sbindir='${exec_prefix}/sbin'
sharedstatedir='${prefix}/com'
sysconfdir='${prefix}/etc'
target='x86_64-pc-linux-gnu'
target_alias=''
target_cpu='x86_64'
target_os='linux-gnu'
target_vendor='pc'

## ----------- ##
## confdefs.h. ##
## ----------- ##

/* confdefs.h */
#define PACKAGE_NAME "bmp"
#define PACKAGE_TARNAME "bmp"
#define PACKAGE_VERSION "0.9.7.1"
#define PACKAGE_STRING "bmp 0.9.7.1"
#define PACKAGE_BUGREPORT ""
#define PACKAGE_URL ""
#define PACKAGE "bmp"
#define VERSION "0.9.7.1"
#define STDC_HEADERS 1
#define HAVE_SYS_TYPES_H 1
#define HAVE_SYS_STAT_H 1
#define HAVE_STDLIB_H 1
#define HAVE_STRING_H 1
#define HAVE_MEMORY_H 1
#define HAVE_STRINGS_H 1
#define HAVE_INTTYPES_H 1
#define HAVE_STDINT_H 1
#define HAVE_UNISTD_H 1
#define HAVE_ALLOCA_H 1
#define HAVE_ALLOCA 1
#define HAVE_STDLIB_H 1
#define HAVE_UNISTD_H 1
#define HAVE_SYS_PARAM_H 1
#define HAVE_GETPAGESIZE 1
#define HAVE_MMAP 1
#define INTDIV0_RAISES_SIGFPE 1
#define HAVE_INTTYPES_H_WITH_UINTMAX 1
#define HAVE_STDINT_H_WITH_UINTMAX 1
#define HAVE_UNSIGNED_LONG_LONG 1
#define HAVE_UINTMAX_T 1
#define HAVE_INTTYPES_H 1
#define HAVE_ARGZ_H 1
#define HAVE_LIMITS_H 1
#define HAVE_LOCALE_H 1
#define HAVE_NL_TYPES_H 1
#define HAVE_MALLOC_H 1
#define HAVE_STDDEF_H 1
#define HAVE_STDLIB_H 1
#define HAVE_STRING_H 1
#define HAVE_UNISTD_H 1
#define HAVE_SYS_PARAM_H 1
#define HAVE_FEOF_UNLOCKED 1
#define HAVE_FGETS_UNLOCKED 1
#define HAVE_GETC_UNLOCKED 1
#define HAVE_GETCWD 1
#define HAVE_GETEGID 1
#define HAVE_GETEUID 1
#define HAVE_GETGID 1
#define HAVE_GETUID 1
#define HAVE_MEMPCPY 1
#define HAVE_MUNMAP 1
#define HAVE_PUTENV 1
#define HAVE_SETENV 1
#define HAVE_SETLOCALE 1
#define HAVE_STPCPY 1
#define HAVE_STRCASECMP 1
#define HAVE_STRDUP 1
#define HAVE_STRTOUL 1
#define HAVE_TSEARCH 1
#define HAVE___ARGZ_COUNT 1
#define HAVE___ARGZ_STRINGIFY 1
#define HAVE___ARGZ_NEXT 1
#define HAVE___FSETLOCKING 1
#define HAVE_ICONV 1
#define ICONV_CONST 
#define HAVE_LANGINFO_CODESET 1
#define HAVE_LC_MESSAGES 1
#define ENABLE_NLS 1
#define HAVE_GETTEXT 1
#define HAVE_DCGETTEXT 1
#define HAVE_DLFCN_H 1
#define LT_OBJDIR ".libs/"
#define BMP_RCPATH ".bmp"
#define DEV_DSP "/dev/dsp"
#define DEV_MIXER "/dev/mixer"
#define HAVE_SYS_SOUNDCARD_H 1
#define HAVE_OSS 1
#define HAVE_LINUX_CDROM_H 1
#define HAVE_LINUX_JOYSTICK_H 1
#define HAVE_UNISTD_H 1
#define HAVE_FCNTL_H 1
#define HAVE_SYS_IOCTL_H 1
#define HAVE_FNMATCH_H 1
#define HAVE_LIMITS_H 1
#define HAVE_WCHAR_H 1
#define HAVE_FTS_H 1
#define HAVE_MKDTEMP 1
#define HAVE_STRTOUL 1
#define BEEP_CDROM_SOLARIS /**/

configure: exit 0
